{"numTotalTestSuites":23,"numPassedTestSuites":23,"numFailedTestSuites":0,"numPendingTestSuites":0,"numTotalTests":58,"numPassedTests":58,"numFailedTests":0,"numPendingTests":0,"numTodoTests":0,"snapshot":{"added":0,"failure":false,"filesAdded":0,"filesRemoved":0,"filesRemovedList":[],"filesUnmatched":0,"filesUpdated":0,"matched":0,"total":0,"unchecked":0,"uncheckedKeysByFile":[],"unmatched":0,"updated":0,"didUpdate":false},"startTime":1779646054704,"success":true,"testResults":[{"assertionResults":[{"ancestorTitles":["books api"],"fullName":"books api builds search params for getSearchBooks","status":"passed","title":"builds search params for getSearchBooks","duration":9.100500000000011,"failureMessages":[],"meta":{}},{"ancestorTitles":["books api"],"fullName":"books api returns books list from getBooks","status":"passed","title":"returns books list from getBooks","duration":1.1518999999998414,"failureMessages":[],"meta":{}},{"ancestorTitles":["books api"],"fullName":"books api returns user books for getUserBooks","status":"passed","title":"returns user books for getUserBooks","duration":0.7980000000002292,"failureMessages":[],"meta":{}},{"ancestorTitles":["books api"],"fullName":"books api adds a book to user list","status":"passed","title":"adds a book to user list","duration":1.145799999999781,"failureMessages":[],"meta":{}},{"ancestorTitles":["books api"],"fullName":"books api removes a book from user list","status":"passed","title":"removes a book from user list","duration":0.737999999999829,"failureMessages":[],"meta":{}},{"ancestorTitles":["books api"],"fullName":"books api updates status to 'À lire' by resetting dates","status":"passed","title":"updates status to 'À lire' by resetting dates","duration":1.3184000000001106,"failureMessages":[],"meta":{}},{"ancestorTitles":["books api"],"fullName":"books api updates status to 'En cours' by setting start and clearing end","status":"passed","title":"updates status to 'En cours' by setting start and clearing end","duration":1.009200000000419,"failureMessages":[],"meta":{}},{"ancestorTitles":["books api"],"fullName":"books api updates status to 'Lu' by setting end date and preserving start","status":"passed","title":"updates status to 'Lu' by setting end date and preserving start","duration":0.7421999999996842,"failureMessages":[],"meta":{}}],"startTime":1779646056966,"endTime":1779646056981.7422,"status":"passed","message":"","name":"D:/Code/projet-blablabook/frontend/src/api/books.test.ts"},{"assertionResults":[{"ancestorTitles":["searchExternalBooks"],"fullName":"searchExternalBooks searches by text and fetches edition details","status":"passed","title":"searches by text and fetches edition details","duration":7.660900000000311,"failureMessages":[],"meta":{}},{"ancestorTitles":["searchExternalBooks"],"fullName":"searchExternalBooks searches by category","status":"passed","title":"searches by category","duration":1.17870000000039,"failureMessages":[],"meta":{}},{"ancestorTitles":["searchExternalBooks"],"fullName":"searchExternalBooks uses random query for random type","status":"passed","title":"uses random query for random type","duration":1.6365000000000691,"failureMessages":[],"meta":{}},{"ancestorTitles":["searchExternalBooks"],"fullName":"searchExternalBooks skips works without edition_key","status":"passed","title":"skips works without edition_key","duration":0.5309000000002015,"failureMessages":[],"meta":{}},{"ancestorTitles":["searchExternalBooks"],"fullName":"searchExternalBooks skips editions without isbn_13","status":"passed","title":"skips editions without isbn_13","duration":0.43520000000035,"failureMessages":[],"meta":{}},{"ancestorTitles":["searchExternalBooks"],"fullName":"searchExternalBooks uses default cover when covers are missing","status":"passed","title":"uses default cover when covers are missing","duration":0.4782000000000153,"failureMessages":[],"meta":{}}],"startTime":1779646056996,"endTime":1779646057008.4783,"status":"passed","message":"","name":"D:/Code/projet-blablabook/frontend/src/api/externalBooks.test.ts"},{"assertionResults":[{"ancestorTitles":["AddBookModal"],"fullName":"AddBookModal does not trigger search when query is empty","status":"passed","title":"does not trigger search when query is empty","duration":473.4533999999999,"failureMessages":[],"meta":{}},{"ancestorTitles":["AddBookModal"],"fullName":"AddBookModal renders the first category from results","status":"passed","title":"renders the first category from results","duration":59.66769999999997,"failureMessages":[],"meta":{}},{"ancestorTitles":["AddBookModal"],"fullName":"AddBookModal triggers search refetch when clicking search","status":"passed","title":"triggers search refetch when clicking search","duration":312.7071000000001,"failureMessages":[],"meta":{}},{"ancestorTitles":["AddBookModal"],"fullName":"AddBookModal shows empty state after search with no results","status":"passed","title":"shows empty state after search with no results","duration":265.99540000000025,"failureMessages":[],"meta":{}},{"ancestorTitles":["AddBookModal"],"fullName":"AddBookModal calls mutate when clicking add button","status":"passed","title":"calls mutate when clicking add button","duration":109.54950000000008,"failureMessages":[],"meta":{}},{"ancestorTitles":["AddBookModal"],"fullName":"AddBookModal shows checkmark when book already in library","status":"passed","title":"shows checkmark when book already in library","duration":73.90789999999924,"failureMessages":[],"meta":{}},{"ancestorTitles":["AddBookModal"],"fullName":"AddBookModal navigates to details when clicking a result","status":"passed","title":"navigates to details when clicking a result","duration":97.06720000000041,"failureMessages":[],"meta":{}}],"startTime":1779646057643,"endTime":1779646059036.0671,"status":"passed","message":"","name":"D:/Code/projet-blablabook/frontend/src/components/AddBookModal.test.tsx"},{"assertionResults":[{"ancestorTitles":["BookCard"],"fullName":"BookCard renders the first category","status":"passed","title":"renders the first category","duration":76.07519999999977,"failureMessages":[],"meta":{}},{"ancestorTitles":["BookCard"],"fullName":"BookCard calls onRemove when clicking the delete button","status":"passed","title":"calls onRemove when clicking the delete button","duration":256.1617000000001,"failureMessages":[],"meta":{}},{"ancestorTitles":["BookCard"],"fullName":"BookCard does not render category badge when empty","status":"passed","title":"does not render category badge when empty","duration":13.69250000000011,"failureMessages":[],"meta":{}},{"ancestorTitles":["BookCard"],"fullName":"BookCard navigates to book details on card click","status":"passed","title":"navigates to book details on card click","duration":67.27239999999983,"failureMessages":[],"meta":{}},{"ancestorTitles":["BookCard"],"fullName":"BookCard renders dropdown status options when onStatusChange is provided","status":"passed","title":"renders dropdown status options when onStatusChange is provided","duration":337.37329999999974,"failureMessages":[],"meta":{}}],"startTime":1779646057642,"endTime":1779646058393.3733,"status":"passed","message":"","name":"D:/Code/projet-blablabook/frontend/src/components/BookCard.test.tsx"},{"assertionResults":[{"ancestorTitles":["useAddBook"],"fullName":"useAddBook throws when userId is missing","status":"passed","title":"throws when userId is missing","duration":38.271600000000035,"failureMessages":[],"meta":{}},{"ancestorTitles":["useAddBook"],"fullName":"useAddBook maps external book data and calls backend","status":"passed","title":"maps external book data and calls backend","duration":9.039000000000215,"failureMessages":[],"meta":{}},{"ancestorTitles":["useAddBook"],"fullName":"useAddBook fetches missing description from OpenLibrary","status":"passed","title":"fetches missing description from OpenLibrary","duration":5.9802999999997155,"failureMessages":[],"meta":{}},{"ancestorTitles":["useAddBook"],"fullName":"useAddBook invalidates user books query on success","status":"passed","title":"invalidates user books query on success","duration":11.222200000000157,"failureMessages":[],"meta":{}}],"startTime":1779646057144,"endTime":1779646057208.2222,"status":"passed","message":"","name":"D:/Code/projet-blablabook/frontend/src/hooks/useAddBook.test.tsx"},{"assertionResults":[{"ancestorTitles":["useUserBooks"],"fullName":"useUserBooks fetches books when userId is provided","status":"passed","title":"fetches books when userId is provided","duration":114.3721999999998,"failureMessages":[],"meta":{}},{"ancestorTitles":["useUserBooks"],"fullName":"useUserBooks does not fetch when userId is missing","status":"passed","title":"does not fetch when userId is missing","duration":7.748399999999947,"failureMessages":[],"meta":{}},{"ancestorTitles":["useUserBooks"],"fullName":"useUserBooks removes a book and invalidates the cache","status":"passed","title":"removes a book and invalidates the cache","duration":22.120400000000245,"failureMessages":[],"meta":{}},{"ancestorTitles":["useUserBooks"],"fullName":"useUserBooks updates book status via API","status":"passed","title":"updates book status via API","duration":24.963400000000092,"failureMessages":[],"meta":{}}],"startTime":1779646057144,"endTime":1779646057312.9634,"status":"passed","message":"","name":"D:/Code/projet-blablabook/frontend/src/hooks/useUserBooks.test.tsx"},{"assertionResults":[{"ancestorTitles":["LibraryPage"],"fullName":"LibraryPage shows status counters","status":"passed","title":"shows status counters","duration":94.06869999999981,"failureMessages":[],"meta":{}},{"ancestorTitles":["LibraryPage"],"fullName":"LibraryPage filters by search input","status":"passed","title":"filters by search input","duration":754.4290000000001,"failureMessages":[],"meta":{}},{"ancestorTitles":["LibraryPage"],"fullName":"LibraryPage renders all cards when search is empty","status":"passed","title":"renders all cards when search is empty","duration":12.648200000000088,"failureMessages":[],"meta":{}},{"ancestorTitles":["LibraryPage"],"fullName":"LibraryPage shows empty state when no books","status":"passed","title":"shows empty state when no books","duration":9.836900000000242,"failureMessages":[],"meta":{}},{"ancestorTitles":["LibraryPage"],"fullName":"LibraryPage opens AddBookModal when clicking add button","status":"passed","title":"opens AddBookModal when clicking add button","duration":87.7165,"failureMessages":[],"meta":{}}],"startTime":1779646057483,"endTime":1779646058441.7166,"status":"passed","message":"","name":"D:/Code/projet-blablabook/frontend/src/pages/LibraryPage.test.tsx"},{"assertionResults":[{"ancestorTitles":["Login Page","structure"],"fullName":"Login Page structure should render the login page with title 'Connexion'","status":"passed","title":"should render the login page with title 'Connexion'","duration":461.7563,"failureMessages":[],"meta":{}},{"ancestorTitles":["Login Page","structure"],"fullName":"Login Page structure should display username label and input","status":"passed","title":"should display username label and input","duration":213.60620000000017,"failureMessages":[],"meta":{}},{"ancestorTitles":["Login Page","structure"],"fullName":"Login Page structure should display password input","status":"passed","title":"should display password input","duration":52.25819999999976,"failureMessages":[],"meta":{}},{"ancestorTitles":["Login Page","structure"],"fullName":"Login Page structure should display reset bouton","status":"passed","title":"should display reset bouton","duration":42.52280000000019,"failureMessages":[],"meta":{}},{"ancestorTitles":["Login Page","structure"],"fullName":"Login Page structure should display submit button","status":"passed","title":"should display submit button","duration":46.50160000000005,"failureMessages":[],"meta":{}},{"ancestorTitles":["Login Page","behavior"],"fullName":"Login Page behavior should check data when form is submit","status":"passed","title":"should check data when form is submit","duration":441.82010000000037,"failureMessages":[],"meta":{}},{"ancestorTitles":["Login Page","behavior"],"fullName":"Login Page behavior should display error when validation is not valided","status":"passed","title":"should display error when validation is not valided","duration":108.32889999999952,"failureMessages":[],"meta":{}},{"ancestorTitles":["Login Page","behavior"],"fullName":"Login Page behavior should be submit request","status":"passed","title":"should be submit request","duration":490.9476000000004,"failureMessages":[],"meta":{}},{"ancestorTitles":["Login Page","behavior"],"fullName":"Login Page behavior should display error and reset password if request failed","status":"passed","title":"should display error and reset password if request failed","duration":497.8761000000004,"failureMessages":[],"meta":{}},{"ancestorTitles":["Login Page","behavior"],"fullName":"Login Page behavior should redirect to / when request is success","status":"passed","title":"should redirect to / when request is success","duration":481.3152,"failureMessages":[],"meta":{}}],"startTime":1779646057980,"endTime":1779646060817.3152,"status":"passed","message":"","name":"D:/Code/projet-blablabook/frontend/src/pages/Auth/LoginPage/LoginPage.spec.tsx"},{"assertionResults":[{"ancestorTitles":["Register Page","structure"],"fullName":"Register Page structure should render the register page with title","status":"passed","title":"should render the register page with title","duration":461.9068000000002,"failureMessages":[],"meta":{}},{"ancestorTitles":["Register Page","structure"],"fullName":"Register Page structure should display all input fields","status":"passed","title":"should display all input fields","duration":74.02120000000014,"failureMessages":[],"meta":{}},{"ancestorTitles":["Register Page","structure"],"fullName":"Register Page structure should display reset and submit buttons","status":"passed","title":"should display reset and submit buttons","duration":60.578199999999924,"failureMessages":[],"meta":{}},{"ancestorTitles":["Register Page","structure"],"fullName":"Register Page structure should display login link","status":"passed","title":"should display login link","duration":306.08830000000034,"failureMessages":[],"meta":{}},{"ancestorTitles":["Register Page","validation"],"fullName":"Register Page validation should display error if fields are empty","status":"passed","title":"should display error if fields are empty","duration":163.64820000000054,"failureMessages":[],"meta":{}},{"ancestorTitles":["Register Page","validation"],"fullName":"Register Page validation should display error if passwords do not match","status":"passed","title":"should display error if passwords do not match","duration":1098.4059000000007,"failureMessages":[],"meta":{}},{"ancestorTitles":["Register Page","behavior"],"fullName":"Register Page behavior should submit form and call API","status":"passed","title":"should submit form and call API","duration":1012.8747000000003,"failureMessages":[],"meta":{}},{"ancestorTitles":["Register Page","behavior"],"fullName":"Register Page behavior should display error and reset passwords if API fails","status":"passed","title":"should display error and reset passwords if API fails","duration":992.4079999999994,"failureMessages":[],"meta":{}},{"ancestorTitles":["Register Page","behavior"],"fullName":"Register Page behavior should redirect to /login on success","status":"passed","title":"should redirect to /login on success","duration":955.3952999999992,"failureMessages":[],"meta":{}}],"startTime":1779646057986,"endTime":1779646063112.3953,"status":"passed","message":"","name":"D:/Code/projet-blablabook/frontend/src/pages/Auth/RegisterPage/RegisterPage.spec.tsx"}],"coverageMap":{"D:\\Code\\projet-blablabook\\frontend\\src\\assets\\Blablabook-svg.svg":{"path":"D:\\Code\\projet-blablabook\\frontend\\src\\assets\\Blablabook-svg.svg","statementMap":{},"fnMap":{},"branchMap":{},"s":{},"f":{},"b":{},"meta":{"lastBranch":0,"lastFunction":0,"lastStatement":0,"seen":{}}},"D:\\Code\\projet-blablabook\\frontend\\src\\api\\axios.ts":{"path":"D:\\Code\\projet-blablabook\\frontend\\src\\api\\axios.ts","statementMap":{"0":{"start":{"line":3,"column":29},"end":{"line":3,"column":null}},"1":{"start":{"line":5,"column":12},"end":{"line":8,"column":null}}},"fnMap":{},"branchMap":{},"s":{"0":2,"1":2},"f":{},"b":{},"meta":{"lastBranch":0,"lastFunction":0,"lastStatement":2,"seen":{"s:3:29:3:Infinity":0,"s:5:12:8:Infinity":1}}},"D:\\Code\\projet-blablabook\\frontend\\src\\api\\books.ts":{"path":"D:\\Code\\projet-blablabook\\frontend\\src\\api\\books.ts","statementMap":{"0":{"start":{"line":16,"column":40},"end":{"line":16,"column":null}},"1":{"start":{"line":17,"column":2},"end":{"line":17,"column":null}},"2":{"start":{"line":17,"column":19},"end":{"line":17,"column":null}},"3":{"start":{"line":18,"column":2},"end":{"line":18,"column":null}},"4":{"start":{"line":18,"column":27},"end":{"line":18,"column":null}},"5":{"start":{"line":19,"column":2},"end":{"line":19,"column":null}},"6":{"start":{"line":19,"column":25},"end":{"line":19,"column":null}},"7":{"start":{"line":21,"column":2},"end":{"line":21,"column":null}},"8":{"start":{"line":25,"column":24},"end":{"line":28,"column":null}},"9":{"start":{"line":26,"column":19},"end":{"line":26,"column":null}},"10":{"start":{"line":27,"column":2},"end":{"line":27,"column":null}},"11":{"start":{"line":31,"column":28},"end":{"line":34,"column":null}},"12":{"start":{"line":32,"column":19},"end":{"line":32,"column":null}},"13":{"start":{"line":33,"column":2},"end":{"line":33,"column":null}},"14":{"start":{"line":41,"column":30},"end":{"line":44,"column":null}},"15":{"start":{"line":42,"column":19},"end":{"line":42,"column":null}},"16":{"start":{"line":43,"column":2},"end":{"line":43,"column":null}},"17":{"start":{"line":50,"column":33},"end":{"line":59,"column":null}},"18":{"start":{"line":54,"column":19},"end":{"line":57,"column":null}},"19":{"start":{"line":58,"column":2},"end":{"line":58,"column":null}},"20":{"start":{"line":62,"column":38},"end":{"line":70,"column":null}},"21":{"start":{"line":66,"column":19},"end":{"line":68,"column":null}},"22":{"start":{"line":69,"column":2},"end":{"line":69,"column":null}},"23":{"start":{"line":79,"column":32},"end":{"line":122,"column":null}},"24":{"start":{"line":85,"column":8},"end":{"line":85,"column":null}},"25":{"start":{"line":87,"column":33},"end":{"line":87,"column":null}},"26":{"start":{"line":88,"column":31},"end":{"line":88,"column":null}},"27":{"start":{"line":91,"column":22},"end":{"line":96,"column":null}},"28":{"start":{"line":94,"column":4},"end":{"line":94,"column":null}},"29":{"start":{"line":94,"column":15},"end":{"line":94,"column":null}},"30":{"start":{"line":95,"column":4},"end":{"line":95,"column":null}},"31":{"start":{"line":98,"column":2},"end":{"line":115,"column":null}},"32":{"start":{"line":100,"column":4},"end":{"line":100,"column":null}},"33":{"start":{"line":101,"column":4},"end":{"line":101,"column":null}},"34":{"start":{"line":102,"column":2},"end":{"line":115,"column":null}},"35":{"start":{"line":104,"column":4},"end":{"line":106,"column":null}},"36":{"start":{"line":107,"column":4},"end":{"line":107,"column":null}},"37":{"start":{"line":108,"column":2},"end":{"line":115,"column":null}},"38":{"start":{"line":111,"column":4},"end":{"line":113,"column":null}},"39":{"start":{"line":114,"column":4},"end":{"line":114,"column":null}},"40":{"start":{"line":117,"column":19},"end":{"line":120,"column":null}},"41":{"start":{"line":121,"column":2},"end":{"line":121,"column":null}}},"fnMap":{"0":{"name":"getSearchBooks","decl":{"start":{"line":15,"column":16},"end":{"line":15,"column":31}},"loc":{"start":{"line":15,"column":63},"end":{"line":22,"column":null}},"line":15},"1":{"name":"(anonymous_1)","decl":{"start":{"line":25,"column":24},"end":{"line":25,"column":56}},"loc":{"start":{"line":25,"column":56},"end":{"line":28,"column":null}},"line":25},"2":{"name":"(anonymous_2)","decl":{"start":{"line":31,"column":28},"end":{"line":31,"column":35}},"loc":{"start":{"line":31,"column":74},"end":{"line":34,"column":null}},"line":31},"3":{"name":"(anonymous_3)","decl":{"start":{"line":41,"column":30},"end":{"line":41,"column":37}},"loc":{"start":{"line":41,"column":75},"end":{"line":44,"column":null}},"line":41},"4":{"name":"(anonymous_4)","decl":{"start":{"line":50,"column":33},"end":{"line":50,"column":null}},"loc":{"start":{"line":53,"column":23},"end":{"line":59,"column":null}},"line":53},"5":{"name":"(anonymous_5)","decl":{"start":{"line":62,"column":38},"end":{"line":62,"column":null}},"loc":{"start":{"line":65,"column":32},"end":{"line":70,"column":null}},"line":65},"6":{"name":"(anonymous_6)","decl":{"start":{"line":79,"column":32},"end":{"line":79,"column":null}},"loc":{"start":{"line":84,"column":23},"end":{"line":122,"column":null}},"line":84},"7":{"name":"(anonymous_7)","decl":{"start":{"line":91,"column":22},"end":{"line":91,"column":null}},"loc":{"start":{"line":93,"column":22},"end":{"line":96,"column":null}},"line":93}},"branchMap":{"0":{"loc":{"start":{"line":17,"column":2},"end":{"line":17,"column":null}},"type":"if","locations":[{"start":{"line":17,"column":2},"end":{"line":17,"column":null}},{"start":{},"end":{}}],"line":17},"1":{"loc":{"start":{"line":18,"column":2},"end":{"line":18,"column":null}},"type":"if","locations":[{"start":{"line":18,"column":2},"end":{"line":18,"column":null}},{"start":{},"end":{}}],"line":18},"2":{"loc":{"start":{"line":19,"column":2},"end":{"line":19,"column":null}},"type":"if","locations":[{"start":{"line":19,"column":2},"end":{"line":19,"column":null}},{"start":{},"end":{}}],"line":19},"3":{"loc":{"start":{"line":94,"column":4},"end":{"line":94,"column":null}},"type":"if","locations":[{"start":{"line":94,"column":4},"end":{"line":94,"column":null}},{"start":{},"end":{}}],"line":94},"4":{"loc":{"start":{"line":95,"column":11},"end":{"line":95,"column":null}},"type":"cond-expr","locations":[{"start":{"line":95,"column":38},"end":{"line":95,"column":45}},{"start":{"line":95,"column":45},"end":{"line":95,"column":null}}],"line":95},"5":{"loc":{"start":{"line":98,"column":2},"end":{"line":115,"column":null}},"type":"if","locations":[{"start":{"line":98,"column":2},"end":{"line":115,"column":null}},{"start":{"line":102,"column":2},"end":{"line":115,"column":null}}],"line":98},"6":{"loc":{"start":{"line":102,"column":2},"end":{"line":115,"column":null}},"type":"if","locations":[{"start":{"line":102,"column":2},"end":{"line":115,"column":null}},{"start":{"line":108,"column":2},"end":{"line":115,"column":null}}],"line":102},"7":{"loc":{"start":{"line":104,"column":16},"end":{"line":106,"column":null}},"type":"cond-expr","locations":[{"start":{"line":105,"column":8},"end":{"line":105,"column":null}},{"start":{"line":106,"column":8},"end":{"line":106,"column":null}}],"line":104},"8":{"loc":{"start":{"line":108,"column":2},"end":{"line":115,"column":null}},"type":"if","locations":[{"start":{"line":108,"column":2},"end":{"line":115,"column":null}},{"start":{},"end":{}}],"line":108},"9":{"loc":{"start":{"line":111,"column":16},"end":{"line":113,"column":null}},"type":"cond-expr","locations":[{"start":{"line":112,"column":8},"end":{"line":112,"column":null}},{"start":{"line":113,"column":8},"end":{"line":113,"column":null}}],"line":111}},"s":{"0":1,"1":1,"2":1,"3":1,"4":1,"5":1,"6":1,"7":1,"8":1,"9":1,"10":1,"11":1,"12":1,"13":1,"14":1,"15":0,"16":0,"17":1,"18":1,"19":1,"20":1,"21":1,"22":1,"23":1,"24":3,"25":3,"26":3,"27":3,"28":1,"29":0,"30":1,"31":3,"32":1,"33":1,"34":2,"35":1,"36":1,"37":1,"38":1,"39":1,"40":3,"41":3},"f":{"0":1,"1":1,"2":1,"3":0,"4":1,"5":1,"6":3,"7":1},"b":{"0":[1,0],"1":[1,0],"2":[1,0],"3":[0,1],"4":[0,1],"5":[1,2],"6":[1,1],"7":[0,1],"8":[1,0],"9":[1,0]},"meta":{"lastBranch":10,"lastFunction":8,"lastStatement":42,"seen":{"f:15:16:15:31":0,"s:16:40:16:Infinity":0,"b:17:2:17:Infinity:undefined:undefined:undefined:undefined":0,"s:17:2:17:Infinity":1,"s:17:19:17:Infinity":2,"b:18:2:18:Infinity:undefined:undefined:undefined:undefined":1,"s:18:2:18:Infinity":3,"s:18:27:18:Infinity":4,"b:19:2:19:Infinity:undefined:undefined:undefined:undefined":2,"s:19:2:19:Infinity":5,"s:19:25:19:Infinity":6,"s:21:2:21:Infinity":7,"s:25:24:28:Infinity":8,"f:25:24:25:56":1,"s:26:19:26:Infinity":9,"s:27:2:27:Infinity":10,"s:31:28:34:Infinity":11,"f:31:28:31:35":2,"s:32:19:32:Infinity":12,"s:33:2:33:Infinity":13,"s:41:30:44:Infinity":14,"f:41:30:41:37":3,"s:42:19:42:Infinity":15,"s:43:2:43:Infinity":16,"s:50:33:59:Infinity":17,"f:50:33:50:Infinity":4,"s:54:19:57:Infinity":18,"s:58:2:58:Infinity":19,"s:62:38:70:Infinity":20,"f:62:38:62:Infinity":5,"s:66:19:68:Infinity":21,"s:69:2:69:Infinity":22,"s:79:32:122:Infinity":23,"f:79:32:79:Infinity":6,"s:85:8:85:Infinity":24,"s:87:33:87:Infinity":25,"s:88:31:88:Infinity":26,"s:91:22:96:Infinity":27,"f:91:22:91:Infinity":7,"b:94:4:94:Infinity:undefined:undefined:undefined:undefined":3,"s:94:4:94:Infinity":28,"s:94:15:94:Infinity":29,"s:95:4:95:Infinity":30,"b:95:38:95:45:95:45:95:Infinity":4,"b:98:2:115:Infinity:102:2:115:Infinity":5,"s:98:2:115:Infinity":31,"s:100:4:100:Infinity":32,"s:101:4:101:Infinity":33,"b:102:2:115:Infinity:108:2:115:Infinity":6,"s:102:2:115:Infinity":34,"s:104:4:106:Infinity":35,"b:105:8:105:Infinity:106:8:106:Infinity":7,"s:107:4:107:Infinity":36,"b:108:2:115:Infinity:undefined:undefined:undefined:undefined":8,"s:108:2:115:Infinity":37,"s:111:4:113:Infinity":38,"b:112:8:112:Infinity:113:8:113:Infinity":9,"s:114:4:114:Infinity":39,"s:117:19:120:Infinity":40,"s:121:2:121:Infinity":41}}},"D:\\Code\\projet-blablabook\\frontend\\src\\api\\externalBooks.ts":{"path":"D:\\Code\\projet-blablabook\\frontend\\src\\api\\externalBooks.ts","statementMap":{"0":{"start":{"line":18,"column":22},"end":{"line":18,"column":null}},"1":{"start":{"line":24,"column":25},"end":{"line":36,"column":null}},"2":{"start":{"line":25,"column":2},"end":{"line":25,"column":null}},"3":{"start":{"line":25,"column":13},"end":{"line":25,"column":null}},"4":{"start":{"line":26,"column":2},"end":{"line":26,"column":null}},"5":{"start":{"line":26,"column":32},"end":{"line":26,"column":null}},"6":{"start":{"line":28,"column":2},"end":{"line":33,"column":null}},"7":{"start":{"line":29,"column":16},"end":{"line":29,"column":null}},"8":{"start":{"line":30,"column":4},"end":{"line":32,"column":null}},"9":{"start":{"line":31,"column":6},"end":{"line":31,"column":null}},"10":{"start":{"line":35,"column":2},"end":{"line":35,"column":null}},"11":{"start":{"line":38,"column":22},"end":{"line":43,"column":null}},"12":{"start":{"line":39,"column":18},"end":{"line":39,"column":null}},"13":{"start":{"line":40,"column":2},"end":{"line":42,"column":null}},"14":{"start":{"line":45,"column":27},"end":{"line":66,"column":null}},"15":{"start":{"line":53,"column":2},"end":{"line":65,"column":null}},"16":{"start":{"line":69,"column":28},"end":{"line":79,"column":null}},"17":{"start":{"line":73,"column":22},"end":{"line":73,"column":null}},"18":{"start":{"line":74,"column":2},"end":{"line":78,"column":null}},"19":{"start":{"line":75,"column":10},"end":{"line":75,"column":null}},"20":{"start":{"line":76,"column":10},"end":{"line":76,"column":null}},"21":{"start":{"line":77,"column":4},"end":{"line":77,"column":null}},"22":{"start":{"line":85,"column":35},"end":{"line":143,"column":null}},"23":{"start":{"line":88,"column":10},"end":{"line":88,"column":null}},"24":{"start":{"line":90,"column":2},"end":{"line":98,"column":null}},"25":{"start":{"line":91,"column":4},"end":{"line":91,"column":null}},"26":{"start":{"line":92,"column":2},"end":{"line":98,"column":null}},"27":{"start":{"line":93,"column":4},"end":{"line":93,"column":null}},"28":{"start":{"line":93,"column":28},"end":{"line":93,"column":null}},"29":{"start":{"line":94,"column":4},"end":{"line":94,"column":null}},"30":{"start":{"line":95,"column":2},"end":{"line":98,"column":null}},"31":{"start":{"line":96,"column":4},"end":{"line":96,"column":null}},"32":{"start":{"line":96,"column":30},"end":{"line":96,"column":null}},"33":{"start":{"line":97,"column":4},"end":{"line":97,"column":null}},"34":{"start":{"line":100,"column":19},"end":{"line":106,"column":null}},"35":{"start":{"line":108,"column":32},"end":{"line":108,"column":null}},"36":{"start":{"line":109,"column":32},"end":{"line":109,"column":null}},"37":{"start":{"line":111,"column":19},"end":{"line":111,"column":null}},"38":{"start":{"line":112,"column":2},"end":{"line":114,"column":null}},"39":{"start":{"line":113,"column":4},"end":{"line":113,"column":null}},"40":{"start":{"line":117,"column":23},"end":{"line":117,"column":null}},"41":{"start":{"line":119,"column":2},"end":{"line":141,"column":null}},"42":{"start":{"line":120,"column":4},"end":{"line":120,"column":null}},"43":{"start":{"line":120,"column":60},"end":{"line":120,"column":null}},"44":{"start":{"line":122,"column":23},"end":{"line":122,"column":null}},"45":{"start":{"line":123,"column":4},"end":{"line":140,"column":null}},"46":{"start":{"line":124,"column":30},"end":{"line":126,"column":null}},"47":{"start":{"line":127,"column":22},"end":{"line":127,"column":null}},"48":{"start":{"line":129,"column":19},"end":{"line":129,"column":null}},"49":{"start":{"line":130,"column":6},"end":{"line":130,"column":null}},"50":{"start":{"line":130,"column":17},"end":{"line":130,"column":null}},"51":{"start":{"line":132,"column":23},"end":{"line":132,"column":null}},"52":{"start":{"line":133,"column":25},"end":{"line":133,"column":null}},"53":{"start":{"line":135,"column":6},"end":{"line":137,"column":null}},"54":{"start":{"line":139,"column":6},"end":{"line":139,"column":null}},"55":{"start":{"line":142,"column":2},"end":{"line":142,"column":null}},"56":{"start":{"line":150,"column":34},"end":{"line":157,"column":null}},"57":{"start":{"line":153,"column":19},"end":{"line":155,"column":null}},"58":{"start":{"line":156,"column":2},"end":{"line":156,"column":null}},"59":{"start":{"line":160,"column":34},"end":{"line":167,"column":null}},"60":{"start":{"line":163,"column":19},"end":{"line":165,"column":null}},"61":{"start":{"line":166,"column":2},"end":{"line":166,"column":null}},"62":{"start":{"line":170,"column":36},"end":{"line":177,"column":null}},"63":{"start":{"line":173,"column":19},"end":{"line":175,"column":null}},"64":{"start":{"line":176,"column":2},"end":{"line":176,"column":null}},"65":{"start":{"line":183,"column":35},"end":{"line":217,"column":null}},"66":{"start":{"line":187,"column":19},"end":{"line":187,"column":null}},"67":{"start":{"line":188,"column":18},"end":{"line":188,"column":null}},"68":{"start":{"line":189,"column":20},"end":{"line":189,"column":null}},"69":{"start":{"line":190,"column":33},"end":{"line":199,"column":null}},"70":{"start":{"line":200,"column":18},"end":{"line":200,"column":null}},"71":{"start":{"line":201,"column":19},"end":{"line":203,"column":null}},"72":{"start":{"line":205,"column":2},"end":{"line":216,"column":null}}},"fnMap":{"0":{"name":"(anonymous_0)","decl":{"start":{"line":24,"column":25},"end":{"line":24,"column":26}},"loc":{"start":{"line":24,"column":52},"end":{"line":36,"column":null}},"line":24},"1":{"name":"(anonymous_1)","decl":{"start":{"line":38,"column":22},"end":{"line":38,"column":23}},"loc":{"start":{"line":38,"column":56},"end":{"line":43,"column":null}},"line":38},"2":{"name":"(anonymous_2)","decl":{"start":{"line":45,"column":27},"end":{"line":45,"column":null}},"loc":{"start":{"line":52,"column":19},"end":{"line":66,"column":null}},"line":52},"3":{"name":"(anonymous_3)","decl":{"start":{"line":69,"column":28},"end":{"line":69,"column":null}},"loc":{"start":{"line":72,"column":22},"end":{"line":79,"column":null}},"line":72},"4":{"name":"(anonymous_4)","decl":{"start":{"line":74,"column":22},"end":{"line":74,"column":23}},"loc":{"start":{"line":74,"column":32},"end":{"line":78,"column":3}},"line":74},"5":{"name":"(anonymous_5)","decl":{"start":{"line":85,"column":35},"end":{"line":85,"column":null}},"loc":{"start":{"line":87,"column":30},"end":{"line":143,"column":null}},"line":87},"6":{"name":"(anonymous_6)","decl":{"start":{"line":150,"column":34},"end":{"line":150,"column":null}},"loc":{"start":{"line":152,"column":39},"end":{"line":157,"column":null}},"line":152},"7":{"name":"(anonymous_7)","decl":{"start":{"line":160,"column":34},"end":{"line":160,"column":null}},"loc":{"start":{"line":162,"column":39},"end":{"line":167,"column":null}},"line":162},"8":{"name":"(anonymous_8)","decl":{"start":{"line":170,"column":36},"end":{"line":170,"column":null}},"loc":{"start":{"line":172,"column":41},"end":{"line":177,"column":null}},"line":172},"9":{"name":"(anonymous_9)","decl":{"start":{"line":183,"column":35},"end":{"line":183,"column":null}},"loc":{"start":{"line":185,"column":39},"end":{"line":217,"column":null}},"line":185}},"branchMap":{"0":{"loc":{"start":{"line":25,"column":2},"end":{"line":25,"column":null}},"type":"if","locations":[{"start":{"line":25,"column":2},"end":{"line":25,"column":null}},{"start":{},"end":{}}],"line":25},"1":{"loc":{"start":{"line":26,"column":2},"end":{"line":26,"column":null}},"type":"if","locations":[{"start":{"line":26,"column":2},"end":{"line":26,"column":null}},{"start":{},"end":{}}],"line":26},"2":{"loc":{"start":{"line":28,"column":2},"end":{"line":33,"column":null}},"type":"if","locations":[{"start":{"line":28,"column":2},"end":{"line":33,"column":null}},{"start":{},"end":{}}],"line":28},"3":{"loc":{"start":{"line":28,"column":6},"end":{"line":28,"column":68}},"type":"binary-expr","locations":[{"start":{"line":28,"column":6},"end":{"line":28,"column":34}},{"start":{"line":28,"column":34},"end":{"line":28,"column":51}},{"start":{"line":28,"column":51},"end":{"line":28,"column":68}}],"line":28},"4":{"loc":{"start":{"line":30,"column":4},"end":{"line":32,"column":null}},"type":"if","locations":[{"start":{"line":30,"column":4},"end":{"line":32,"column":null}},{"start":{},"end":{}}],"line":30},"5":{"loc":{"start":{"line":40,"column":9},"end":{"line":42,"column":null}},"type":"cond-expr","locations":[{"start":{"line":41,"column":6},"end":{"line":41,"column":null}},{"start":{"line":42,"column":6},"end":{"line":42,"column":null}}],"line":40},"6":{"loc":{"start":{"line":57,"column":6},"end":{"line":57,"column":null}},"type":"binary-expr","locations":[{"start":{"line":57,"column":6},"end":{"line":57,"column":31}},{"start":{"line":57,"column":31},"end":{"line":57,"column":61}},{"start":{"line":57,"column":61},"end":{"line":57,"column":null}}],"line":57},"7":{"loc":{"start":{"line":62,"column":17},"end":{"line":62,"column":null}},"type":"binary-expr","locations":[{"start":{"line":62,"column":17},"end":{"line":62,"column":32}},{"start":{"line":62,"column":32},"end":{"line":62,"column":null}}],"line":62},"8":{"loc":{"start":{"line":64,"column":16},"end":{"line":64,"column":null}},"type":"binary-expr","locations":[{"start":{"line":64,"column":16},"end":{"line":64,"column":30}},{"start":{"line":64,"column":30},"end":{"line":64,"column":null}}],"line":64},"9":{"loc":{"start":{"line":75,"column":19},"end":{"line":75,"column":37}},"type":"binary-expr","locations":[{"start":{"line":75,"column":19},"end":{"line":75,"column":33}},{"start":{"line":75,"column":33},"end":{"line":75,"column":37}}],"line":75},"10":{"loc":{"start":{"line":76,"column":20},"end":{"line":76,"column":49}},"type":"binary-expr","locations":[{"start":{"line":76,"column":20},"end":{"line":76,"column":45}},{"start":{"line":76,"column":45},"end":{"line":76,"column":49}}],"line":76},"11":{"loc":{"start":{"line":77,"column":11},"end":{"line":77,"column":null}},"type":"binary-expr","locations":[{"start":{"line":77,"column":11},"end":{"line":77,"column":42}},{"start":{"line":77,"column":42},"end":{"line":77,"column":null}}],"line":77},"12":{"loc":{"start":{"line":90,"column":2},"end":{"line":98,"column":null}},"type":"if","locations":[{"start":{"line":90,"column":2},"end":{"line":98,"column":null}},{"start":{"line":92,"column":2},"end":{"line":98,"column":null}}],"line":90},"13":{"loc":{"start":{"line":92,"column":2},"end":{"line":98,"column":null}},"type":"if","locations":[{"start":{"line":92,"column":2},"end":{"line":98,"column":null}},{"start":{"line":95,"column":2},"end":{"line":98,"column":null}}],"line":92},"14":{"loc":{"start":{"line":93,"column":4},"end":{"line":93,"column":null}},"type":"if","locations":[{"start":{"line":93,"column":4},"end":{"line":93,"column":null}},{"start":{},"end":{}}],"line":93},"15":{"loc":{"start":{"line":95,"column":2},"end":{"line":98,"column":null}},"type":"if","locations":[{"start":{"line":95,"column":2},"end":{"line":98,"column":null}},{"start":{},"end":{}}],"line":95},"16":{"loc":{"start":{"line":96,"column":4},"end":{"line":96,"column":null}},"type":"if","locations":[{"start":{"line":96,"column":4},"end":{"line":96,"column":null}},{"start":{},"end":{}}],"line":96},"17":{"loc":{"start":{"line":108,"column":32},"end":{"line":108,"column":null}},"type":"binary-expr","locations":[{"start":{"line":108,"column":32},"end":{"line":108,"column":54}},{"start":{"line":108,"column":54},"end":{"line":108,"column":null}}],"line":108},"18":{"loc":{"start":{"line":112,"column":2},"end":{"line":114,"column":null}},"type":"if","locations":[{"start":{"line":112,"column":2},"end":{"line":114,"column":null}},{"start":{},"end":{}}],"line":112},"19":{"loc":{"start":{"line":113,"column":17},"end":{"line":113,"column":null}},"type":"binary-expr","locations":[{"start":{"line":113,"column":17},"end":{"line":113,"column":38}},{"start":{"line":113,"column":38},"end":{"line":113,"column":null}}],"line":113},"20":{"loc":{"start":{"line":120,"column":4},"end":{"line":120,"column":null}},"type":"if","locations":[{"start":{"line":120,"column":4},"end":{"line":120,"column":null}},{"start":{},"end":{}}],"line":120},"21":{"loc":{"start":{"line":120,"column":8},"end":{"line":120,"column":60}},"type":"binary-expr","locations":[{"start":{"line":120,"column":8},"end":{"line":120,"column":29}},{"start":{"line":120,"column":29},"end":{"line":120,"column":60}}],"line":120},"22":{"loc":{"start":{"line":129,"column":19},"end":{"line":129,"column":null}},"type":"binary-expr","locations":[{"start":{"line":129,"column":19},"end":{"line":129,"column":43}},{"start":{"line":129,"column":43},"end":{"line":129,"column":null}}],"line":129},"23":{"loc":{"start":{"line":130,"column":6},"end":{"line":130,"column":null}},"type":"if","locations":[{"start":{"line":130,"column":6},"end":{"line":130,"column":null}},{"start":{},"end":{}}],"line":130},"24":{"loc":{"start":{"line":133,"column":25},"end":{"line":133,"column":null}},"type":"binary-expr","locations":[{"start":{"line":133,"column":25},"end":{"line":133,"column":41}},{"start":{"line":133,"column":41},"end":{"line":133,"column":null}}],"line":133},"25":{"loc":{"start":{"line":191,"column":4},"end":{"line":193,"column":null}},"type":"cond-expr","locations":[{"start":{"line":192,"column":8},"end":{"line":192,"column":null}},{"start":{"line":193,"column":8},"end":{"line":193,"column":null}}],"line":191},"26":{"loc":{"start":{"line":194,"column":4},"end":{"line":198,"column":null}},"type":"cond-expr","locations":[{"start":{"line":195,"column":8},"end":{"line":195,"column":null}},{"start":{"line":196,"column":8},"end":{"line":198,"column":null}}],"line":194},"27":{"loc":{"start":{"line":200,"column":18},"end":{"line":200,"column":null}},"type":"binary-expr","locations":[{"start":{"line":200,"column":18},"end":{"line":200,"column":42}},{"start":{"line":200,"column":42},"end":{"line":200,"column":null}}],"line":200},"28":{"loc":{"start":{"line":201,"column":19},"end":{"line":203,"column":null}},"type":"cond-expr","locations":[{"start":{"line":202,"column":6},"end":{"line":202,"column":null}},{"start":{"line":203,"column":6},"end":{"line":203,"column":null}}],"line":201},"29":{"loc":{"start":{"line":208,"column":14},"end":{"line":208,"column":42}},"type":"binary-expr","locations":[{"start":{"line":208,"column":14},"end":{"line":208,"column":33}},{"start":{"line":208,"column":33},"end":{"line":208,"column":42}}],"line":208},"30":{"loc":{"start":{"line":211,"column":15},"end":{"line":211,"column":null}},"type":"binary-expr","locations":[{"start":{"line":211,"column":15},"end":{"line":211,"column":43}},{"start":{"line":211,"column":43},"end":{"line":211,"column":null}}],"line":211},"31":{"loc":{"start":{"line":212,"column":17},"end":{"line":212,"column":null}},"type":"binary-expr","locations":[{"start":{"line":212,"column":17},"end":{"line":212,"column":42}},{"start":{"line":212,"column":42},"end":{"line":212,"column":null}}],"line":212},"32":{"loc":{"start":{"line":213,"column":11},"end":{"line":213,"column":null}},"type":"binary-expr","locations":[{"start":{"line":213,"column":11},"end":{"line":213,"column":39}},{"start":{"line":213,"column":39},"end":{"line":213,"column":null}}],"line":213},"33":{"loc":{"start":{"line":214,"column":14},"end":{"line":214,"column":null}},"type":"binary-expr","locations":[{"start":{"line":214,"column":14},"end":{"line":214,"column":64}},{"start":{"line":214,"column":64},"end":{"line":214,"column":null}}],"line":214},"34":{"loc":{"start":{"line":215,"column":16},"end":{"line":215,"column":null}},"type":"binary-expr","locations":[{"start":{"line":215,"column":16},"end":{"line":215,"column":37}},{"start":{"line":215,"column":37},"end":{"line":215,"column":null}}],"line":215}},"s":{"0":1,"1":1,"2":0,"3":0,"4":0,"5":0,"6":0,"7":0,"8":0,"9":0,"10":0,"11":1,"12":3,"13":3,"14":1,"15":3,"16":1,"17":6,"18":6,"19":5,"20":5,"21":5,"22":1,"23":6,"24":6,"25":1,"26":5,"27":4,"28":0,"29":4,"30":1,"31":1,"32":0,"33":1,"34":6,"35":6,"36":6,"37":6,"38":6,"39":4,"40":6,"41":6,"42":3,"43":0,"44":3,"45":3,"46":3,"47":3,"48":3,"49":3,"50":0,"51":3,"52":3,"53":3,"54":0,"55":6,"56":1,"57":0,"58":0,"59":1,"60":0,"61":0,"62":1,"63":0,"64":0,"65":1,"66":0,"67":0,"68":0,"69":0,"70":0,"71":0,"72":0},"f":{"0":0,"1":3,"2":3,"3":6,"4":5,"5":6,"6":0,"7":0,"8":0,"9":0},"b":{"0":[0,0],"1":[0,0],"2":[0,0],"3":[0,0,0],"4":[0,0],"5":[2,1],"6":[3,0,0],"7":[3,3],"8":[3,0],"9":[5,0],"10":[5,0],"11":[5,2],"12":[1,5],"13":[4,1],"14":[0,4],"15":[1,0],"16":[0,1],"17":[6,0],"18":[4,2],"19":[4,0],"20":[0,3],"21":[3,3],"22":[3,0],"23":[0,3],"24":[3,0],"25":[0,0],"26":[0,0],"27":[0,0],"28":[0,0],"29":[0,0],"30":[0,0],"31":[0,0],"32":[0,0],"33":[0,0],"34":[0,0]},"meta":{"lastBranch":35,"lastFunction":10,"lastStatement":73,"seen":{"s:18:22:18:Infinity":0,"s:24:25:36:Infinity":1,"f:24:25:24:26":0,"b:25:2:25:Infinity:undefined:undefined:undefined:undefined":0,"s:25:2:25:Infinity":2,"s:25:13:25:Infinity":3,"b:26:2:26:Infinity:undefined:undefined:undefined:undefined":1,"s:26:2:26:Infinity":4,"s:26:32:26:Infinity":5,"b:28:2:33:Infinity:undefined:undefined:undefined:undefined":2,"s:28:2:33:Infinity":6,"b:28:6:28:34:28:34:28:51:28:51:28:68":3,"s:29:16:29:Infinity":7,"b:30:4:32:Infinity:undefined:undefined:undefined:undefined":4,"s:30:4:32:Infinity":8,"s:31:6:31:Infinity":9,"s:35:2:35:Infinity":10,"s:38:22:43:Infinity":11,"f:38:22:38:23":1,"s:39:18:39:Infinity":12,"s:40:2:42:Infinity":13,"b:41:6:41:Infinity:42:6:42:Infinity":5,"s:45:27:66:Infinity":14,"f:45:27:45:Infinity":2,"s:53:2:65:Infinity":15,"b:57:6:57:31:57:31:57:61:57:61:57:Infinity":6,"b:62:17:62:32:62:32:62:Infinity":7,"b:64:16:64:30:64:30:64:Infinity":8,"s:69:28:79:Infinity":16,"f:69:28:69:Infinity":3,"s:73:22:73:Infinity":17,"s:74:2:78:Infinity":18,"f:74:22:74:23":4,"s:75:10:75:Infinity":19,"b:75:19:75:33:75:33:75:37":9,"s:76:10:76:Infinity":20,"b:76:20:76:45:76:45:76:49":10,"s:77:4:77:Infinity":21,"b:77:11:77:42:77:42:77:Infinity":11,"s:85:35:143:Infinity":22,"f:85:35:85:Infinity":5,"s:88:10:88:Infinity":23,"b:90:2:98:Infinity:92:2:98:Infinity":12,"s:90:2:98:Infinity":24,"s:91:4:91:Infinity":25,"b:92:2:98:Infinity:95:2:98:Infinity":13,"s:92:2:98:Infinity":26,"b:93:4:93:Infinity:undefined:undefined:undefined:undefined":14,"s:93:4:93:Infinity":27,"s:93:28:93:Infinity":28,"s:94:4:94:Infinity":29,"b:95:2:98:Infinity:undefined:undefined:undefined:undefined":15,"s:95:2:98:Infinity":30,"b:96:4:96:Infinity:undefined:undefined:undefined:undefined":16,"s:96:4:96:Infinity":31,"s:96:30:96:Infinity":32,"s:97:4:97:Infinity":33,"s:100:19:106:Infinity":34,"s:108:32:108:Infinity":35,"b:108:32:108:54:108:54:108:Infinity":17,"s:109:32:109:Infinity":36,"s:111:19:111:Infinity":37,"b:112:2:114:Infinity:undefined:undefined:undefined:undefined":18,"s:112:2:114:Infinity":38,"s:113:4:113:Infinity":39,"b:113:17:113:38:113:38:113:Infinity":19,"s:117:23:117:Infinity":40,"s:119:2:141:Infinity":41,"b:120:4:120:Infinity:undefined:undefined:undefined:undefined":20,"s:120:4:120:Infinity":42,"b:120:8:120:29:120:29:120:60":21,"s:120:60:120:Infinity":43,"s:122:23:122:Infinity":44,"s:123:4:140:Infinity":45,"s:124:30:126:Infinity":46,"s:127:22:127:Infinity":47,"s:129:19:129:Infinity":48,"b:129:19:129:43:129:43:129:Infinity":22,"b:130:6:130:Infinity:undefined:undefined:undefined:undefined":23,"s:130:6:130:Infinity":49,"s:130:17:130:Infinity":50,"s:132:23:132:Infinity":51,"s:133:25:133:Infinity":52,"b:133:25:133:41:133:41:133:Infinity":24,"s:135:6:137:Infinity":53,"s:139:6:139:Infinity":54,"s:142:2:142:Infinity":55,"s:150:34:157:Infinity":56,"f:150:34:150:Infinity":6,"s:153:19:155:Infinity":57,"s:156:2:156:Infinity":58,"s:160:34:167:Infinity":59,"f:160:34:160:Infinity":7,"s:163:19:165:Infinity":60,"s:166:2:166:Infinity":61,"s:170:36:177:Infinity":62,"f:170:36:170:Infinity":8,"s:173:19:175:Infinity":63,"s:176:2:176:Infinity":64,"s:183:35:217:Infinity":65,"f:183:35:183:Infinity":9,"s:187:19:187:Infinity":66,"s:188:18:188:Infinity":67,"s:189:20:189:Infinity":68,"s:190:33:199:Infinity":69,"b:192:8:192:Infinity:193:8:193:Infinity":25,"b:195:8:195:Infinity:196:8:198:Infinity":26,"s:200:18:200:Infinity":70,"b:200:18:200:42:200:42:200:Infinity":27,"s:201:19:203:Infinity":71,"b:202:6:202:Infinity:203:6:203:Infinity":28,"s:205:2:216:Infinity":72,"b:208:14:208:33:208:33:208:42":29,"b:211:15:211:43:211:43:211:Infinity":30,"b:212:17:212:42:212:42:212:Infinity":31,"b:213:11:213:39:213:39:213:Infinity":32,"b:214:14:214:64:214:64:214:Infinity":33,"b:215:16:215:37:215:37:215:Infinity":34}}},"D:\\Code\\projet-blablabook\\frontend\\src\\components\\CookieConsent.tsx":{"path":"D:\\Code\\projet-blablabook\\frontend\\src\\components\\CookieConsent.tsx","statementMap":{"0":{"start":{"line":3,"column":20},"end":{"line":3,"column":null}},"1":{"start":{"line":6,"column":28},"end":{"line":21,"column":null}},"2":{"start":{"line":7,"column":4},"end":{"line":20,"column":null}},"3":{"start":{"line":9,"column":8},"end":{"line":11,"column":null}},"4":{"start":{"line":12,"column":21},"end":{"line":12,"column":null}},"5":{"start":{"line":13,"column":20},"end":{"line":13,"column":null}},"6":{"start":{"line":14,"column":21},"end":{"line":14,"column":null}},"7":{"start":{"line":15,"column":6},"end":{"line":15,"column":null}},"8":{"start":{"line":18,"column":6},"end":{"line":18,"column":null}},"9":{"start":{"line":19,"column":6},"end":{"line":19,"column":null}},"10":{"start":{"line":23,"column":17},"end":{"line":30,"column":null}},"11":{"start":{"line":24,"column":4},"end":{"line":28,"column":null}},"12":{"start":{"line":25,"column":6},"end":{"line":25,"column":null}},"13":{"start":{"line":27,"column":6},"end":{"line":27,"column":null}},"14":{"start":{"line":29,"column":4},"end":{"line":29,"column":null}},"15":{"start":{"line":32,"column":18},"end":{"line":39,"column":null}},"16":{"start":{"line":33,"column":4},"end":{"line":37,"column":null}},"17":{"start":{"line":34,"column":6},"end":{"line":34,"column":null}},"18":{"start":{"line":36,"column":6},"end":{"line":36,"column":null}},"19":{"start":{"line":38,"column":4},"end":{"line":38,"column":null}},"20":{"start":{"line":41,"column":2},"end":{"line":41,"column":null}},"21":{"start":{"line":41,"column":15},"end":{"line":41,"column":null}},"22":{"start":{"line":43,"column":2},"end":{"line":73,"column":null}}},"fnMap":{"0":{"name":"CookieConsent","decl":{"start":{"line":5,"column":24},"end":{"line":5,"column":40}},"loc":{"start":{"line":5,"column":40},"end":{"line":75,"column":null}},"line":5},"1":{"name":"(anonymous_1)","decl":{"start":{"line":6,"column":56},"end":{"line":6,"column":62}},"loc":{"start":{"line":6,"column":62},"end":{"line":21,"column":3}},"line":6},"2":{"name":"(anonymous_2)","decl":{"start":{"line":23,"column":17},"end":{"line":23,"column":23}},"loc":{"start":{"line":23,"column":23},"end":{"line":30,"column":null}},"line":23},"3":{"name":"(anonymous_3)","decl":{"start":{"line":32,"column":18},"end":{"line":32,"column":24}},"loc":{"start":{"line":32,"column":24},"end":{"line":39,"column":null}},"line":32}},"branchMap":{"0":{"loc":{"start":{"line":9,"column":8},"end":{"line":11,"column":null}},"type":"cond-expr","locations":[{"start":{"line":10,"column":12},"end":{"line":10,"column":null}},{"start":{"line":11,"column":12},"end":{"line":11,"column":null}}],"line":9},"1":{"loc":{"start":{"line":9,"column":8},"end":{"line":9,"column":null}},"type":"binary-expr","locations":[{"start":{"line":9,"column":8},"end":{"line":9,"column":45}},{"start":{"line":9,"column":45},"end":{"line":9,"column":null}}],"line":9},"2":{"loc":{"start":{"line":15,"column":13},"end":{"line":15,"column":null}},"type":"cond-expr","locations":[{"start":{"line":15,"column":21},"end":{"line":15,"column":28}},{"start":{"line":15,"column":28},"end":{"line":15,"column":null}}],"line":15},"3":{"loc":{"start":{"line":41,"column":2},"end":{"line":41,"column":null}},"type":"if","locations":[{"start":{"line":41,"column":2},"end":{"line":41,"column":null}},{"start":{},"end":{}}],"line":41}},"s":{"0":2,"1":19,"2":19,"3":19,"4":19,"5":19,"6":19,"7":19,"8":0,"9":0,"10":19,"11":0,"12":0,"13":0,"14":0,"15":19,"16":0,"17":0,"18":0,"19":0,"20":19,"21":0,"22":19},"f":{"0":19,"1":19,"2":0,"3":0},"b":{"0":[19,0],"1":[19,19],"2":[0,19],"3":[0,19]},"meta":{"lastBranch":4,"lastFunction":4,"lastStatement":23,"seen":{"s:3:20:3:Infinity":0,"f:5:24:5:40":0,"s:6:28:21:Infinity":1,"f:6:56:6:62":1,"s:7:4:20:Infinity":2,"s:9:8:11:Infinity":3,"b:10:12:10:Infinity:11:12:11:Infinity":0,"b:9:8:9:45:9:45:9:Infinity":1,"s:12:21:12:Infinity":4,"s:13:20:13:Infinity":5,"s:14:21:14:Infinity":6,"s:15:6:15:Infinity":7,"b:15:21:15:28:15:28:15:Infinity":2,"s:18:6:18:Infinity":8,"s:19:6:19:Infinity":9,"s:23:17:30:Infinity":10,"f:23:17:23:23":2,"s:24:4:28:Infinity":11,"s:25:6:25:Infinity":12,"s:27:6:27:Infinity":13,"s:29:4:29:Infinity":14,"s:32:18:39:Infinity":15,"f:32:18:32:24":3,"s:33:4:37:Infinity":16,"s:34:6:34:Infinity":17,"s:36:6:36:Infinity":18,"s:38:4:38:Infinity":19,"b:41:2:41:Infinity:undefined:undefined:undefined:undefined":3,"s:41:2:41:Infinity":20,"s:41:15:41:Infinity":21,"s:43:2:73:Infinity":22}}},"D:\\Code\\projet-blablabook\\frontend\\src\\components\\Form\\FormAction\\FormAction.tsx":{"path":"D:\\Code\\projet-blablabook\\frontend\\src\\components\\Form\\FormAction\\FormAction.tsx","statementMap":{"0":{"start":{"line":6,"column":2},"end":{"line":10,"column":null}}},"fnMap":{"0":{"name":"FormAction","decl":{"start":{"line":5,"column":24},"end":{"line":5,"column":35}},"loc":{"start":{"line":5,"column":87},"end":{"line":12,"column":null}},"line":5}},"branchMap":{},"s":{"0":58},"f":{"0":58},"b":{},"meta":{"lastBranch":0,"lastFunction":1,"lastStatement":1,"seen":{"f:5:24:5:35":0,"s:6:2:10:Infinity":0}}},"D:\\Code\\projet-blablabook\\frontend\\src\\components\\Form\\FormAction\\FormBtnReset.tsx":{"path":"D:\\Code\\projet-blablabook\\frontend\\src\\components\\Form\\FormAction\\FormBtnReset.tsx","statementMap":{"0":{"start":{"line":6,"column":2},"end":{"line":16,"column":null}},"1":{"start":{"line":11,"column":8},"end":{"line":11,"column":null}},"2":{"start":{"line":12,"column":8},"end":{"line":12,"column":null}}},"fnMap":{"0":{"name":"FormBtnReset","decl":{"start":{"line":5,"column":24},"end":{"line":5,"column":37}},"loc":{"start":{"line":5,"column":61},"end":{"line":18,"column":null}},"line":5},"1":{"name":"(anonymous_1)","decl":{"start":{"line":10,"column":15},"end":{"line":10,"column":16}},"loc":{"start":{"line":10,"column":22},"end":{"line":13,"column":null}},"line":10}},"branchMap":{},"s":{"0":58,"1":0,"2":0},"f":{"0":58,"1":0},"b":{},"meta":{"lastBranch":0,"lastFunction":2,"lastStatement":3,"seen":{"f:5:24:5:37":0,"s:6:2:16:Infinity":0,"f:10:15:10:16":1,"s:11:8:11:Infinity":1,"s:12:8:12:Infinity":2}}},"D:\\Code\\projet-blablabook\\frontend\\src\\components\\Form\\FormAction\\FormBtnSubmit.tsx":{"path":"D:\\Code\\projet-blablabook\\frontend\\src\\components\\Form\\FormAction\\FormBtnSubmit.tsx","statementMap":{"0":{"start":{"line":5,"column":2},"end":{"line":8,"column":null}}},"fnMap":{"0":{"name":"FormButtonSubmit","decl":{"start":{"line":4,"column":24},"end":{"line":4,"column":41}},"loc":{"start":{"line":4,"column":85},"end":{"line":10,"column":null}},"line":4}},"branchMap":{"0":{"loc":{"start":{"line":7,"column":7},"end":{"line":7,"column":null}},"type":"cond-expr","locations":[{"start":{"line":7,"column":22},"end":{"line":7,"column":30}},{"start":{"line":7,"column":30},"end":{"line":7,"column":null}}],"line":7}},"s":{"0":58},"f":{"0":58},"b":{"0":[8,50]},"meta":{"lastBranch":1,"lastFunction":1,"lastStatement":1,"seen":{"f:4:24:4:41":0,"s:5:2:8:Infinity":0,"b:7:22:7:30:7:30:7:Infinity":0}}},"D:\\Code\\projet-blablabook\\frontend\\src\\components\\BookCard.tsx":{"path":"D:\\Code\\projet-blablabook\\frontend\\src\\components\\BookCard.tsx","statementMap":{"0":{"start":{"line":21,"column":56},"end":{"line":25,"column":null}},"1":{"start":{"line":27,"column":8},"end":{"line":27,"column":null}},"2":{"start":{"line":30,"column":4},"end":{"line":33,"column":null}},"3":{"start":{"line":37,"column":28},"end":{"line":79,"column":null}},"4":{"start":{"line":38,"column":4},"end":{"line":38,"column":null}},"5":{"start":{"line":38,"column":22},"end":{"line":38,"column":null}},"6":{"start":{"line":40,"column":4},"end":{"line":71,"column":null}},"7":{"start":{"line":42,"column":6},"end":{"line":69,"column":null}},"8":{"start":{"line":47,"column":30},"end":{"line":47,"column":null}},"9":{"start":{"line":57,"column":14},"end":{"line":66,"column":null}},"10":{"start":{"line":60,"column":18},"end":{"line":60,"column":null}},"11":{"start":{"line":61,"column":18},"end":{"line":61,"column":null}},"12":{"start":{"line":74,"column":4},"end":{"line":77,"column":null}},"13":{"start":{"line":81,"column":24},"end":{"line":86,"column":null}},"14":{"start":{"line":82,"column":4},"end":{"line":85,"column":null}},"15":{"start":{"line":83,"column":6},"end":{"line":83,"column":null}},"16":{"start":{"line":84,"column":6},"end":{"line":84,"column":null}},"17":{"start":{"line":88,"column":2},"end":{"line":156,"column":null}},"18":{"start":{"line":91,"column":21},"end":{"line":91,"column":null}},"19":{"start":{"line":126,"column":14},"end":{"line":126,"column":null}},"20":{"start":{"line":127,"column":14},"end":{"line":127,"column":null}}},"fnMap":{"0":{"name":"BookCard","decl":{"start":{"line":20,"column":16},"end":{"line":20,"column":25}},"loc":{"start":{"line":20,"column":68},"end":{"line":158,"column":null}},"line":20},"1":{"name":"goToBookDetails","decl":{"start":{"line":29,"column":11},"end":{"line":29,"column":29}},"loc":{"start":{"line":29,"column":29},"end":{"line":34,"column":null}},"line":29},"2":{"name":"(anonymous_2)","decl":{"start":{"line":37,"column":28},"end":{"line":37,"column":34}},"loc":{"start":{"line":37,"column":34},"end":{"line":79,"column":null}},"line":37},"3":{"name":"(anonymous_3)","decl":{"start":{"line":47,"column":23},"end":{"line":47,"column":24}},"loc":{"start":{"line":47,"column":30},"end":{"line":47,"column":null}},"line":47},"4":{"name":"(anonymous_4)","decl":{"start":{"line":56,"column":26},"end":{"line":56,"column":27}},"loc":{"start":{"line":57,"column":14},"end":{"line":66,"column":null}},"line":57},"5":{"name":"(anonymous_5)","decl":{"start":{"line":59,"column":25},"end":{"line":59,"column":26}},"loc":{"start":{"line":59,"column":32},"end":{"line":62,"column":null}},"line":59},"6":{"name":"(anonymous_6)","decl":{"start":{"line":81,"column":24},"end":{"line":81,"column":25}},"loc":{"start":{"line":81,"column":52},"end":{"line":86,"column":null}},"line":81},"7":{"name":"(anonymous_7)","decl":{"start":{"line":91,"column":15},"end":{"line":91,"column":21}},"loc":{"start":{"line":91,"column":21},"end":{"line":91,"column":null}},"line":91},"8":{"name":"(anonymous_8)","decl":{"start":{"line":125,"column":21},"end":{"line":125,"column":22}},"loc":{"start":{"line":125,"column":28},"end":{"line":128,"column":null}},"line":125}},"branchMap":{"0":{"loc":{"start":{"line":38,"column":4},"end":{"line":38,"column":null}},"type":"if","locations":[{"start":{"line":38,"column":4},"end":{"line":38,"column":null}},{"start":{},"end":{}}],"line":38},"1":{"loc":{"start":{"line":40,"column":4},"end":{"line":71,"column":null}},"type":"if","locations":[{"start":{"line":40,"column":4},"end":{"line":71,"column":null}},{"start":{},"end":{}}],"line":40},"2":{"loc":{"start":{"line":82,"column":4},"end":{"line":85,"column":null}},"type":"if","locations":[{"start":{"line":82,"column":4},"end":{"line":85,"column":null}},{"start":{},"end":{}}],"line":82},"3":{"loc":{"start":{"line":82,"column":8},"end":{"line":82,"column":44}},"type":"binary-expr","locations":[{"start":{"line":82,"column":8},"end":{"line":82,"column":29}},{"start":{"line":82,"column":29},"end":{"line":82,"column":44}}],"line":82},"4":{"loc":{"start":{"line":100,"column":11},"end":{"line":110,"column":null}},"type":"cond-expr","locations":[{"start":{"line":101,"column":12},"end":{"line":108,"column":null}},{"start":{"line":110,"column":12},"end":{"line":110,"column":null}}],"line":100},"5":{"loc":{"start":{"line":113,"column":11},"end":{"line":116,"column":null}},"type":"binary-expr","locations":[{"start":{"line":113,"column":11},"end":{"line":113,"column":30}},{"start":{"line":113,"column":30},"end":{"line":113,"column":null}},{"start":{"line":114,"column":12},"end":{"line":116,"column":null}}],"line":113},"6":{"loc":{"start":{"line":146,"column":13},"end":{"line":151,"column":null}},"type":"binary-expr","locations":[{"start":{"line":146,"column":13},"end":{"line":146,"column":null}},{"start":{"line":147,"column":14},"end":{"line":151,"column":null}}],"line":146}},"s":{"0":5,"1":5,"2":1,"3":5,"4":5,"5":0,"6":5,"7":1,"8":1,"9":3,"10":1,"11":1,"12":4,"13":5,"14":0,"15":0,"16":0,"17":5,"18":1,"19":1,"20":1},"f":{"0":5,"1":1,"2":5,"3":1,"4":3,"5":1,"6":0,"7":1,"8":1},"b":{"0":[0,5],"1":[1,4],"2":[0,0],"3":[0,0],"4":[5,0],"5":[5,5,4],"6":[5,5]},"meta":{"lastBranch":7,"lastFunction":9,"lastStatement":21,"seen":{"f:20:16:20:25":0,"s:21:56:25:Infinity":0,"s:27:8:27:Infinity":1,"f:29:11:29:29":1,"s:30:4:33:Infinity":2,"s:37:28:79:Infinity":3,"f:37:28:37:34":2,"b:38:4:38:Infinity:undefined:undefined:undefined:undefined":0,"s:38:4:38:Infinity":4,"s:38:22:38:Infinity":5,"b:40:4:71:Infinity:undefined:undefined:undefined:undefined":1,"s:40:4:71:Infinity":6,"s:42:6:69:Infinity":7,"f:47:23:47:24":3,"s:47:30:47:Infinity":8,"f:56:26:56:27":4,"s:57:14:66:Infinity":9,"f:59:25:59:26":5,"s:60:18:60:Infinity":10,"s:61:18:61:Infinity":11,"s:74:4:77:Infinity":12,"s:81:24:86:Infinity":13,"f:81:24:81:25":6,"b:82:4:85:Infinity:undefined:undefined:undefined:undefined":2,"s:82:4:85:Infinity":14,"b:82:8:82:29:82:29:82:44":3,"s:83:6:83:Infinity":15,"s:84:6:84:Infinity":16,"s:88:2:156:Infinity":17,"f:91:15:91:21":7,"s:91:21:91:Infinity":18,"b:101:12:108:Infinity:110:12:110:Infinity":4,"b:113:11:113:30:113:30:113:Infinity:114:12:116:Infinity":5,"f:125:21:125:22":8,"s:126:14:126:Infinity":19,"s:127:14:127:Infinity":20,"b:146:13:146:Infinity:147:14:151:Infinity":6}}},"D:\\Code\\projet-blablabook\\frontend\\src\\components\\AddBookModal.tsx":{"path":"D:\\Code\\projet-blablabook\\frontend\\src\\components\\AddBookModal.tsx","statementMap":{"0":{"start":{"line":31,"column":24},"end":{"line":31,"column":null}},"1":{"start":{"line":32,"column":36},"end":{"line":32,"column":null}},"2":{"start":{"line":34,"column":31},"end":{"line":38,"column":null}},"3":{"start":{"line":36,"column":13},"end":{"line":36,"column":null}},"4":{"start":{"line":41,"column":8},"end":{"line":41,"column":null}},"5":{"start":{"line":44,"column":22},"end":{"line":48,"column":null}},"6":{"start":{"line":45,"column":4},"end":{"line":45,"column":null}},"7":{"start":{"line":46,"column":4},"end":{"line":46,"column":null}},"8":{"start":{"line":47,"column":4},"end":{"line":47,"column":null}},"9":{"start":{"line":55,"column":2},"end":{"line":60,"column":null}},"10":{"start":{"line":58,"column":13},"end":{"line":59,"column":null}},"11":{"start":{"line":63,"column":23},"end":{"line":67,"column":null}},"12":{"start":{"line":64,"column":4},"end":{"line":64,"column":null}},"13":{"start":{"line":64,"column":23},"end":{"line":64,"column":null}},"14":{"start":{"line":65,"column":4},"end":{"line":65,"column":null}},"15":{"start":{"line":66,"column":4},"end":{"line":66,"column":null}},"16":{"start":{"line":69,"column":8},"end":{"line":69,"column":null}},"17":{"start":{"line":72,"column":26},"end":{"line":75,"column":null}},"18":{"start":{"line":73,"column":4},"end":{"line":73,"column":null}},"19":{"start":{"line":73,"column":20},"end":{"line":73,"column":null}},"20":{"start":{"line":74,"column":4},"end":{"line":74,"column":null}},"21":{"start":{"line":78,"column":22},"end":{"line":82,"column":null}},"22":{"start":{"line":79,"column":4},"end":{"line":79,"column":null}},"23":{"start":{"line":79,"column":36},"end":{"line":79,"column":null}},"24":{"start":{"line":81,"column":4},"end":{"line":81,"column":null}},"25":{"start":{"line":81,"column":33},"end":{"line":81,"column":67}},"26":{"start":{"line":84,"column":2},"end":{"line":209,"column":null}},"27":{"start":{"line":105,"column":14},"end":{"line":105,"column":null}},"28":{"start":{"line":106,"column":14},"end":{"line":106,"column":null}},"29":{"start":{"line":106,"column":31},"end":{"line":106,"column":null}},"30":{"start":{"line":126,"column":37},"end":{"line":126,"column":null}},"31":{"start":{"line":129,"column":34},"end":{"line":133,"column":null}},"32":{"start":{"line":130,"column":14},"end":{"line":132,"column":null}},"33":{"start":{"line":131,"column":16},"end":{"line":131,"column":null}},"34":{"start":{"line":135,"column":12},"end":{"line":204,"column":null}},"35":{"start":{"line":141,"column":31},"end":{"line":141,"column":null}},"36":{"start":{"line":165,"column":22},"end":{"line":165,"column":null}},"37":{"start":{"line":166,"column":22},"end":{"line":166,"column":null}}},"fnMap":{"0":{"name":"AddBookModal","decl":{"start":{"line":30,"column":16},"end":{"line":30,"column":29}},"loc":{"start":{"line":30,"column":77},"end":{"line":211,"column":null}},"line":30},"1":{"name":"(anonymous_1)","decl":{"start":{"line":36,"column":13},"end":{"line":36,"column":19}},"loc":{"start":{"line":36,"column":13},"end":{"line":36,"column":null}},"line":36},"2":{"name":"(anonymous_2)","decl":{"start":{"line":44,"column":22},"end":{"line":44,"column":28}},"loc":{"start":{"line":44,"column":28},"end":{"line":48,"column":null}},"line":44},"3":{"name":"(anonymous_3)","decl":{"start":{"line":58,"column":13},"end":{"line":58,"column":null}},"loc":{"start":{"line":58,"column":13},"end":{"line":59,"column":null}},"line":58},"4":{"name":"(anonymous_4)","decl":{"start":{"line":63,"column":23},"end":{"line":63,"column":29}},"loc":{"start":{"line":63,"column":29},"end":{"line":67,"column":null}},"line":63},"5":{"name":"(anonymous_5)","decl":{"start":{"line":72,"column":26},"end":{"line":72,"column":27}},"loc":{"start":{"line":72,"column":50},"end":{"line":75,"column":null}},"line":72},"6":{"name":"(anonymous_6)","decl":{"start":{"line":78,"column":22},"end":{"line":78,"column":23}},"loc":{"start":{"line":78,"column":54},"end":{"line":82,"column":null}},"line":78},"7":{"name":"(anonymous_7)","decl":{"start":{"line":81,"column":26},"end":{"line":81,"column":27}},"loc":{"start":{"line":81,"column":33},"end":{"line":81,"column":67}},"line":81},"8":{"name":"(anonymous_8)","decl":{"start":{"line":104,"column":22},"end":{"line":104,"column":23}},"loc":{"start":{"line":104,"column":29},"end":{"line":107,"column":null}},"line":104},"9":{"name":"(anonymous_9)","decl":{"start":{"line":125,"column":23},"end":{"line":125,"column":24}},"loc":{"start":{"line":125,"column":33},"end":{"line":206,"column":11}},"line":125},"10":{"name":"(anonymous_10)","decl":{"start":{"line":129,"column":34},"end":{"line":129,"column":35}},"loc":{"start":{"line":129,"column":62},"end":{"line":133,"column":null}},"line":129},"11":{"name":"(anonymous_11)","decl":{"start":{"line":141,"column":25},"end":{"line":141,"column":31}},"loc":{"start":{"line":141,"column":31},"end":{"line":141,"column":null}},"line":141},"12":{"name":"(anonymous_12)","decl":{"start":{"line":164,"column":29},"end":{"line":164,"column":30}},"loc":{"start":{"line":164,"column":36},"end":{"line":167,"column":null}},"line":164}},"branchMap":{"0":{"loc":{"start":{"line":34,"column":16},"end":{"line":34,"column":31}},"type":"default-arg","locations":[{"start":{"line":34,"column":28},"end":{"line":34,"column":31}}],"line":34},"1":{"loc":{"start":{"line":52,"column":10},"end":{"line":52,"column":null}},"type":"default-arg","locations":[{"start":{"line":52,"column":20},"end":{"line":52,"column":null}}],"line":52},"2":{"loc":{"start":{"line":64,"column":4},"end":{"line":64,"column":null}},"type":"if","locations":[{"start":{"line":64,"column":4},"end":{"line":64,"column":null}},{"start":{},"end":{}}],"line":64},"3":{"loc":{"start":{"line":73,"column":4},"end":{"line":73,"column":null}},"type":"if","locations":[{"start":{"line":73,"column":4},"end":{"line":73,"column":null}},{"start":{},"end":{}}],"line":73},"4":{"loc":{"start":{"line":79,"column":4},"end":{"line":79,"column":null}},"type":"if","locations":[{"start":{"line":79,"column":4},"end":{"line":79,"column":null}},{"start":{},"end":{}}],"line":79},"5":{"loc":{"start":{"line":106,"column":14},"end":{"line":106,"column":null}},"type":"if","locations":[{"start":{"line":106,"column":14},"end":{"line":106,"column":null}},{"start":{},"end":{}}],"line":106},"6":{"loc":{"start":{"line":117,"column":9},"end":{"line":117,"column":null}},"type":"binary-expr","locations":[{"start":{"line":117,"column":9},"end":{"line":117,"column":23}},{"start":{"line":117,"column":23},"end":{"line":117,"column":null}}],"line":117},"7":{"loc":{"start":{"line":120,"column":9},"end":{"line":121,"column":null}},"type":"binary-expr","locations":[{"start":{"line":120,"column":9},"end":{"line":120,"column":24}},{"start":{"line":120,"column":24},"end":{"line":120,"column":39}},{"start":{"line":120,"column":39},"end":{"line":120,"column":null}},{"start":{"line":121,"column":10},"end":{"line":121,"column":null}}],"line":120},"8":{"loc":{"start":{"line":130,"column":14},"end":{"line":132,"column":null}},"type":"if","locations":[{"start":{"line":130,"column":14},"end":{"line":132,"column":null}},{"start":{},"end":{}}],"line":130},"9":{"loc":{"start":{"line":130,"column":18},"end":{"line":130,"column":54}},"type":"binary-expr","locations":[{"start":{"line":130,"column":18},"end":{"line":130,"column":39}},{"start":{"line":130,"column":39},"end":{"line":130,"column":54}}],"line":130},"10":{"loc":{"start":{"line":148,"column":12},"end":{"line":148,"column":48}},"type":"cond-expr","locations":[{"start":{"line":148,"column":31},"end":{"line":148,"column":46}},{"start":{"line":148,"column":46},"end":{"line":148,"column":48}}],"line":148},"11":{"loc":{"start":{"line":152,"column":17},"end":{"line":157,"column":null}},"type":"binary-expr","locations":[{"start":{"line":152,"column":17},"end":{"line":152,"column":null}},{"start":{"line":153,"column":18},"end":{"line":157,"column":null}}],"line":152},"12":{"loc":{"start":{"line":161,"column":17},"end":{"line":177,"column":null}},"type":"binary-expr","locations":[{"start":{"line":161,"column":17},"end":{"line":161,"column":null}},{"start":{"line":162,"column":18},"end":{"line":177,"column":null}}],"line":161},"13":{"loc":{"start":{"line":180,"column":17},"end":{"line":187,"column":null}},"type":"cond-expr","locations":[{"start":{"line":181,"column":18},"end":{"line":185,"column":null}},{"start":{"line":187,"column":18},"end":{"line":187,"column":null}}],"line":180},"14":{"loc":{"start":{"line":193,"column":21},"end":{"line":193,"column":null}},"type":"binary-expr","locations":[{"start":{"line":193,"column":21},"end":{"line":193,"column":36}},{"start":{"line":193,"column":36},"end":{"line":193,"column":null}}],"line":193},"15":{"loc":{"start":{"line":195,"column":19},"end":{"line":196,"column":null}},"type":"binary-expr","locations":[{"start":{"line":195,"column":19},"end":{"line":195,"column":null}},{"start":{"line":196,"column":20},"end":{"line":196,"column":null}}],"line":195},"16":{"loc":{"start":{"line":198,"column":19},"end":{"line":201,"column":null}},"type":"binary-expr","locations":[{"start":{"line":198,"column":19},"end":{"line":198,"column":38}},{"start":{"line":198,"column":38},"end":{"line":198,"column":null}},{"start":{"line":199,"column":20},"end":{"line":201,"column":null}}],"line":198}},"s":{"0":18,"1":18,"2":18,"3":0,"4":18,"5":18,"6":0,"7":0,"8":0,"9":18,"10":0,"11":18,"12":3,"13":1,"14":2,"15":2,"16":18,"17":18,"18":1,"19":0,"20":1,"21":18,"22":12,"23":0,"24":12,"25":1,"26":18,"27":9,"28":9,"29":0,"30":12,"31":12,"32":0,"33":0,"34":12,"35":1,"36":1,"37":1},"f":{"0":18,"1":0,"2":0,"3":0,"4":3,"5":1,"6":12,"7":1,"8":9,"9":12,"10":0,"11":1,"12":1},"b":{"0":[18],"1":[18],"2":[1,2],"3":[0,1],"4":[0,12],"5":[0,9],"6":[18,0],"7":[18,18,2,1],"8":[0,0],"9":[0,0],"10":[1,11],"11":[12,1],"12":[12,11],"13":[12,0],"14":[12,0],"15":[12,0],"16":[12,12,12]},"meta":{"lastBranch":17,"lastFunction":13,"lastStatement":38,"seen":{"f:30:16:30:29":0,"s:31:24:31:Infinity":0,"s:32:36:32:Infinity":1,"s:34:31:38:Infinity":2,"b:34:28:34:31":0,"f:36:13:36:19":1,"s:36:13:36:Infinity":3,"s:41:8:41:Infinity":4,"s:44:22:48:Infinity":5,"f:44:22:44:28":2,"s:45:4:45:Infinity":6,"s:46:4:46:Infinity":7,"s:47:4:47:Infinity":8,"s:55:2:60:Infinity":9,"b:52:20:52:Infinity":1,"f:58:13:58:Infinity":3,"s:58:13:59:Infinity":10,"s:63:23:67:Infinity":11,"f:63:23:63:29":4,"b:64:4:64:Infinity:undefined:undefined:undefined:undefined":2,"s:64:4:64:Infinity":12,"s:64:23:64:Infinity":13,"s:65:4:65:Infinity":14,"s:66:4:66:Infinity":15,"s:69:8:69:Infinity":16,"s:72:26:75:Infinity":17,"f:72:26:72:27":5,"b:73:4:73:Infinity:undefined:undefined:undefined:undefined":3,"s:73:4:73:Infinity":18,"s:73:20:73:Infinity":19,"s:74:4:74:Infinity":20,"s:78:22:82:Infinity":21,"f:78:22:78:23":6,"b:79:4:79:Infinity:undefined:undefined:undefined:undefined":4,"s:79:4:79:Infinity":22,"s:79:36:79:Infinity":23,"s:81:4:81:Infinity":24,"f:81:26:81:27":7,"s:81:33:81:67":25,"s:84:2:209:Infinity":26,"f:104:22:104:23":8,"s:105:14:105:Infinity":27,"b:106:14:106:Infinity:undefined:undefined:undefined:undefined":5,"s:106:14:106:Infinity":28,"s:106:31:106:Infinity":29,"b:117:9:117:23:117:23:117:Infinity":6,"b:120:9:120:24:120:24:120:39:120:39:120:Infinity:121:10:121:Infinity":7,"f:125:23:125:24":9,"s:126:37:126:Infinity":30,"s:129:34:133:Infinity":31,"f:129:34:129:35":10,"b:130:14:132:Infinity:undefined:undefined:undefined:undefined":8,"s:130:14:132:Infinity":32,"b:130:18:130:39:130:39:130:54":9,"s:131:16:131:Infinity":33,"s:135:12:204:Infinity":34,"f:141:25:141:31":11,"s:141:31:141:Infinity":35,"b:148:31:148:46:148:46:148:48":10,"b:152:17:152:Infinity:153:18:157:Infinity":11,"b:161:17:161:Infinity:162:18:177:Infinity":12,"f:164:29:164:30":12,"s:165:22:165:Infinity":36,"s:166:22:166:Infinity":37,"b:181:18:185:Infinity:187:18:187:Infinity":13,"b:193:21:193:36:193:36:193:Infinity":14,"b:195:19:195:Infinity:196:20:196:Infinity":15,"b:198:19:198:38:198:38:198:Infinity:199:20:201:Infinity":16}}},"D:\\Code\\projet-blablabook\\frontend\\src\\components\\Form\\FormFields\\FormField.tsx":{"path":"D:\\Code\\projet-blablabook\\frontend\\src\\components\\Form\\FormFields\\FormField.tsx","statementMap":{"0":{"start":{"line":7,"column":2},"end":{"line":12,"column":null}}},"fnMap":{"0":{"name":"FormField","decl":{"start":{"line":6,"column":24},"end":{"line":6,"column":34}},"loc":{"start":{"line":6,"column":87},"end":{"line":14,"column":null}},"line":6}},"branchMap":{},"s":{"0":657},"f":{"0":657},"b":{},"meta":{"lastBranch":0,"lastFunction":1,"lastStatement":1,"seen":{"f:6:24:6:34":0,"s:7:2:12:Infinity":0}}},"D:\\Code\\projet-blablabook\\frontend\\src\\components\\Footer.tsx":{"path":"D:\\Code\\projet-blablabook\\frontend\\src\\components\\Footer.tsx","statementMap":{"0":{"start":{"line":11,"column":2},"end":{"line":101,"column":null}}},"fnMap":{"0":{"name":"Footer","decl":{"start":{"line":10,"column":24},"end":{"line":10,"column":33}},"loc":{"start":{"line":10,"column":33},"end":{"line":103,"column":null}},"line":10}},"branchMap":{},"s":{"0":19},"f":{"0":19},"b":{},"meta":{"lastBranch":0,"lastFunction":1,"lastStatement":1,"seen":{"f:10:24:10:33":0,"s:11:2:101:Infinity":0}}},"D:\\Code\\projet-blablabook\\frontend\\src\\components\\Form\\FormTitle.tsx":{"path":"D:\\Code\\projet-blablabook\\frontend\\src\\components\\Form\\FormTitle.tsx","statementMap":{"0":{"start":{"line":4,"column":2},"end":{"line":5,"column":null}}},"fnMap":{"0":{"name":"FormTitle","decl":{"start":{"line":3,"column":24},"end":{"line":3,"column":34}},"loc":{"start":{"line":3,"column":61},"end":{"line":7,"column":null}},"line":3}},"branchMap":{},"s":{"0":27},"f":{"0":27},"b":{},"meta":{"lastBranch":0,"lastFunction":1,"lastStatement":1,"seen":{"f:3:24:3:34":0,"s:4:2:5:Infinity":0}}},"D:\\Code\\projet-blablabook\\frontend\\src\\components\\Form\\FormFields\\FormFieldInfo.tsx":{"path":"D:\\Code\\projet-blablabook\\frontend\\src\\components\\Form\\FormFields\\FormFieldInfo.tsx","statementMap":{"0":{"start":{"line":6,"column":17},"end":{"line":6,"column":null}},"1":{"start":{"line":8,"column":2},"end":{"line":25,"column":null}},"2":{"start":{"line":9,"column":23},"end":{"line":9,"column":null}},"3":{"start":{"line":12,"column":4},"end":{"line":18,"column":null}},"4":{"start":{"line":13,"column":6},"end":{"line":13,"column":null}},"5":{"start":{"line":14,"column":4},"end":{"line":18,"column":null}},"6":{"start":{"line":15,"column":6},"end":{"line":15,"column":null}},"7":{"start":{"line":17,"column":6},"end":{"line":17,"column":null}},"8":{"start":{"line":20,"column":4},"end":{"line":23,"column":null}},"9":{"start":{"line":27,"column":2},"end":{"line":29,"column":null}},"10":{"start":{"line":28,"column":4},"end":{"line":28,"column":null}},"11":{"start":{"line":30,"column":2},"end":{"line":30,"column":null}}},"fnMap":{"0":{"name":"FormFieldInfo","decl":{"start":{"line":5,"column":24},"end":{"line":5,"column":38}},"loc":{"start":{"line":5,"column":69},"end":{"line":31,"column":null}},"line":5}},"branchMap":{"0":{"loc":{"start":{"line":8,"column":2},"end":{"line":25,"column":null}},"type":"if","locations":[{"start":{"line":8,"column":2},"end":{"line":25,"column":null}},{"start":{},"end":{}}],"line":8},"1":{"loc":{"start":{"line":8,"column":6},"end":{"line":8,"column":84}},"type":"binary-expr","locations":[{"start":{"line":8,"column":6},"end":{"line":8,"column":36}},{"start":{"line":8,"column":36},"end":{"line":8,"column":65}},{"start":{"line":8,"column":65},"end":{"line":8,"column":84}}],"line":8},"2":{"loc":{"start":{"line":12,"column":4},"end":{"line":18,"column":null}},"type":"if","locations":[{"start":{"line":12,"column":4},"end":{"line":18,"column":null}},{"start":{"line":14,"column":4},"end":{"line":18,"column":null}}],"line":12},"3":{"loc":{"start":{"line":12,"column":8},"end":{"line":12,"column":90}},"type":"binary-expr","locations":[{"start":{"line":12,"column":8},"end":{"line":12,"column":42}},{"start":{"line":12,"column":42},"end":{"line":12,"column":65}},{"start":{"line":12,"column":65},"end":{"line":12,"column":90}}],"line":12},"4":{"loc":{"start":{"line":14,"column":4},"end":{"line":18,"column":null}},"type":"if","locations":[{"start":{"line":14,"column":4},"end":{"line":18,"column":null}},{"start":{"line":16,"column":11},"end":{"line":18,"column":null}}],"line":14},"5":{"loc":{"start":{"line":27,"column":2},"end":{"line":29,"column":null}},"type":"if","locations":[{"start":{"line":27,"column":2},"end":{"line":29,"column":null}},{"start":{},"end":{}}],"line":27}},"s":{"0":657,"1":657,"2":128,"3":128,"4":128,"5":0,"6":0,"7":0,"8":128,"9":529,"10":0,"11":529},"f":{"0":657},"b":{"0":[128,529],"1":[657,286,128],"2":[128,0],"3":[128,128,128],"4":[0,0],"5":[0,529]},"meta":{"lastBranch":6,"lastFunction":1,"lastStatement":12,"seen":{"f:5:24:5:38":0,"s:6:17:6:Infinity":0,"b:8:2:25:Infinity:undefined:undefined:undefined:undefined":0,"s:8:2:25:Infinity":1,"b:8:6:8:36:8:36:8:65:8:65:8:84":1,"s:9:23:9:Infinity":2,"b:12:4:18:Infinity:14:4:18:Infinity":2,"s:12:4:18:Infinity":3,"b:12:8:12:42:12:42:12:65:12:65:12:90":3,"s:13:6:13:Infinity":4,"b:14:4:18:Infinity:16:11:18:Infinity":4,"s:14:4:18:Infinity":5,"s:15:6:15:Infinity":6,"s:17:6:17:Infinity":7,"s:20:4:23:Infinity":8,"b:27:2:29:Infinity:undefined:undefined:undefined:undefined":5,"s:27:2:29:Infinity":9,"s:28:4:28:Infinity":10,"s:30:2:30:Infinity":11}}},"D:\\Code\\projet-blablabook\\frontend\\src\\components\\Loader.tsx":{"path":"D:\\Code\\projet-blablabook\\frontend\\src\\components\\Loader.tsx","statementMap":{"0":{"start":{"line":14,"column":22},"end":{"line":18,"column":null}},"1":{"start":{"line":20,"column":2},"end":{"line":24,"column":null}}},"fnMap":{"0":{"name":"Loader","decl":{"start":{"line":9,"column":16},"end":{"line":9,"column":23}},"loc":{"start":{"line":13,"column":16},"end":{"line":26,"column":null}},"line":13}},"branchMap":{"0":{"loc":{"start":{"line":10,"column":2},"end":{"line":10,"column":null}},"type":"default-arg","locations":[{"start":{"line":10,"column":9},"end":{"line":10,"column":null}}],"line":10},"1":{"loc":{"start":{"line":11,"column":2},"end":{"line":11,"column":null}},"type":"default-arg","locations":[{"start":{"line":11,"column":9},"end":{"line":11,"column":null}}],"line":11},"2":{"loc":{"start":{"line":12,"column":2},"end":{"line":12,"column":null}},"type":"default-arg","locations":[{"start":{"line":12,"column":14},"end":{"line":12,"column":null}}],"line":12},"3":{"loc":{"start":{"line":23,"column":7},"end":{"line":23,"column":null}},"type":"binary-expr","locations":[{"start":{"line":23,"column":7},"end":{"line":23,"column":15}},{"start":{"line":23,"column":15},"end":{"line":23,"column":null}}],"line":23}},"s":{"0":0,"1":0},"f":{"0":0},"b":{"0":[0],"1":[0],"2":[0],"3":[0,0]},"meta":{"lastBranch":4,"lastFunction":1,"lastStatement":2,"seen":{"f:9:16:9:23":0,"b:10:9:10:Infinity":0,"b:11:9:11:Infinity":1,"b:12:14:12:Infinity":2,"s:14:22:18:Infinity":0,"s:20:2:24:Infinity":1,"b:23:7:23:15:23:15:23:Infinity":3}}},"D:\\Code\\projet-blablabook\\frontend\\src\\components\\Form\\FormFields\\FormInput.tsx":{"path":"D:\\Code\\projet-blablabook\\frontend\\src\\components\\Form\\FormFields\\FormInput.tsx","statementMap":{"0":{"start":{"line":6,"column":2},"end":{"line":16,"column":null}},"1":{"start":{"line":13,"column":23},"end":{"line":13,"column":null}}},"fnMap":{"0":{"name":"FormInput","decl":{"start":{"line":5,"column":24},"end":{"line":5,"column":34}},"loc":{"start":{"line":5,"column":80},"end":{"line":18,"column":null}},"line":5},"1":{"name":"(anonymous_1)","decl":{"start":{"line":13,"column":16},"end":{"line":13,"column":17}},"loc":{"start":{"line":13,"column":23},"end":{"line":13,"column":null}},"line":13}},"branchMap":{},"s":{"0":657,"1":240},"f":{"0":657,"1":240},"b":{},"meta":{"lastBranch":0,"lastFunction":2,"lastStatement":2,"seen":{"f:5:24:5:34":0,"s:6:2:16:Infinity":0,"f:13:16:13:17":1,"s:13:23:13:Infinity":1}}},"D:\\Code\\projet-blablabook\\frontend\\src\\components\\Form\\FormGlobalError.tsx":{"path":"D:\\Code\\projet-blablabook\\frontend\\src\\components\\Form\\FormGlobalError.tsx","statementMap":{"0":{"start":{"l
[...]
column":null}},"14":{"start":{"line":43,"column":34},"end":{"line":43,"column":57}},"15":{"start":{"line":45,"column":4},"end":{"line":45,"column":null}},"16":{"start":{"line":45,"column":34},"end":{"line":45,"column":55}},"17":{"start":{"line":47,"column":2},"end":{"line":145,"column":null}},"18":{"start":{"line":61,"column":25},"end":{"line":61,"column":null}},"19":{"start":{"line":73,"column":25},"end":{"line":73,"column":null}},"20":{"start":{"line":130,"column":12},"end":{"line":141,"column":null}},"21":{"start":{"line":133,"column":30},"end":{"line":133,"column":null}},"22":{"start":{"line":135,"column":16},"end":{"line":139,"column":null}}},"fnMap":{"0":{"name":"LibraryPage","decl":{"start":{"line":14,"column":24},"end":{"line":14,"column":38}},"loc":{"start":{"line":14,"column":38},"end":{"line":147,"column":null}},"line":14},"1":{"name":"(anonymous_1)","decl":{"start":{"line":25,"column":12},"end":{"line":25,"column":18}},"loc":{"start":{"line":25,"column":18},"end":{"line":27,"column":5}},"line":25},"2":{"name":"(anonymous_2)","decl":{"start":{"line":31,"column":18},"end":{"line":31,"column":19}},"loc":{"start":{"line":31,"column":34},"end":{"line":37,"column":5}},"line":31},"3":{"name":"(anonymous_3)","decl":{"start":{"line":41,"column":18},"end":{"line":41,"column":19}},"loc":{"start":{"line":41,"column":34},"end":{"line":41,"column":51}},"line":41},"4":{"name":"(anonymous_4)","decl":{"start":{"line":43,"column":18},"end":{"line":43,"column":19}},"loc":{"start":{"line":43,"column":34},"end":{"line":43,"column":57}},"line":43},"5":{"name":"(anonymous_5)","decl":{"start":{"line":45,"column":18},"end":{"line":45,"column":19}},"loc":{"start":{"line":45,"column":34},"end":{"line":45,"column":55}},"line":45},"6":{"name":"(anonymous_6)","decl":{"start":{"line":61,"column":19},"end":{"line":61,"column":25}},"loc":{"start":{"line":61,"column":25},"end":{"line":61,"column":null}},"line":61},"7":{"name":"(anonymous_7)","decl":{"start":{"line":73,"column":19},"end":{"line":73,"column":25}},"loc":{"start":{"line":73,"column":25},"end":{"line":73,"column":null}},"line":73},"8":{"name":"(anonymous_8)","decl":{"start":{"line":129,"column":28},"end":{"line":129,"column":29}},"loc":{"start":{"line":130,"column":12},"end":{"line":141,"column":null}},"line":130},"9":{"name":"(anonymous_9)","decl":{"start":{"line":133,"column":24},"end":{"line":133,"column":30}},"loc":{"start":{"line":133,"column":30},"end":{"line":133,"column":null}},"line":133},"10":{"name":"(anonymous_10)","decl":{"start":{"line":134,"column":30},"end":{"line":134,"column":31}},"loc":{"start":{"line":135,"column":16},"end":{"line":139,"column":null}},"line":135}},"branchMap":{"0":{"loc":{"start":{"line":26,"column":4},"end":{"line":26,"column":null}},"type":"if","locations":[{"start":{"line":26,"column":4},"end":{"line":26,"column":null}},{"start":{},"end":{}}],"line":26},"1":{"loc":{"start":{"line":31,"column":4},"end":{"line":37,"column":null}},"type":"binary-expr","locations":[{"start":{"line":31,"column":4},"end":{"line":37,"column":10}},{"start":{"line":37,"column":10},"end":{"line":37,"column":null}}],"line":31},"2":{"loc":{"start":{"line":34,"column":8},"end":{"line":35,"column":null}},"type":"binary-expr","locations":[{"start":{"line":34,"column":8},"end":{"line":34,"column":null}},{"start":{"line":34,"column":49},"end":{"line":35,"column":null}}],"line":34},"3":{"loc":{"start":{"line":35,"column":9},"end":{"line":35,"column":25}},"type":"binary-expr","locations":[{"start":{"line":35,"column":9},"end":{"line":35,"column":21}},{"start":{"line":35,"column":21},"end":{"line":35,"column":25}}],"line":35},"4":{"loc":{"start":{"line":41,"column":4},"end":{"line":41,"column":null}},"type":"binary-expr","locations":[{"start":{"line":41,"column":4},"end":{"line":41,"column":63}},{"start":{"line":41,"column":63},"end":{"line":41,"column":null}}],"line":41},"5":{"loc":{"start":{"line":43,"column":4},"end":{"line":43,"column":null}},"type":"binary-expr","locations":[{"start":{"line":43,"column":4},"end":{"line":43,"column":69}},{"start":{"line":43,"column":69},"end":{"line":43,"column":null}}],"line":43},"6":{"loc":{"start":{"line":45,"column":4},"end":{"line":45,"column":null}},"type":"binary-expr","locations":[{"start":{"line":45,"column":4},"end":{"line":45,"column":67}},{"start":{"line":45,"column":67},"end":{"line":45,"column":null}}],"line":45},"7":{"loc":{"start":{"line":120,"column":9},"end":{"line":142,"column":null}},"type":"cond-expr","locations":[{"start":{"line":121,"column":10},"end":{"line":127,"column":null}},{"start":{"line":129,"column":10},"end":{"line":142,"column":null}}],"line":120}},"s":{"0":8,"1":8,"2":8,"3":8,"4":8,"5":8,"6":7,"7":7,"8":8,"9":21,"10":21,"11":8,"12":21,"13":8,"14":21,"15":8,"16":21,"17":8,"18":1,"19":0,"20":19,"21":0,"22":0},"f":{"0":8,"1":7,"2":21,"3":21,"4":21,"5":21,"6":1,"7":0,"8":19,"9":0,"10":0},"b":{"0":[7,0],"1":[8,0],"2":[21,2],"3":[2,0],"4":[8,1],"5":[8,1],"6":[8,1],"7":[1,7]},"meta":{"lastBranch":8,"lastFunction":11,"lastStatement":23,"seen":{"f:14:24:14:38":0,"s:15:15:15:Infinity":0,"s:16:17:16:Infinity":1,"s:19:51:19:Infinity":2,"s:21:26:21:Infinity":3,"s:22:22:22:Infinity":4,"s:25:2:27:Infinity":5,"f:25:12:25:18":1,"b:26:4:26:Infinity:undefined:undefined:undefined:undefined":0,"s:26:4:26:Infinity":6,"s:26:16:26:Infinity":7,"s:31:4:37:Infinity":8,"b:31:4:37:10:37:10:37:Infinity":1,"f:31:18:31:19":2,"s:32:26:32:Infinity":9,"s:33:6:35:Infinity":10,"b:34:8:34:Infinity:34:49:35:Infinity":2,"b:35:9:35:21:35:21:35:25":3,"s:41:4:41:Infinity":11,"b:41:4:41:63:41:63:41:Infinity":4,"f:41:18:41:19":3,"s:41:34:41:51":12,"s:43:4:43:Infinity":13,"b:43:4:43:69:43:69:43:Infinity":5,"f:43:18:43:19":4,"s:43:34:43:57":14,"s:45:4:45:Infinity":15,"b:45:4:45:67:45:67:45:Infinity":6,"f:45:18:45:19":5,"s:45:34:45:55":16,"s:47:2:145:Infinity":17,"f:61:19:61:25":6,"s:61:25:61:Infinity":18,"f:73:19:73:25":7,"s:73:25:73:Infinity":19,"b:121:10:127:Infinity:129:10:142:Infinity":7,"f:129:28:129:29":8,"s:130:12:141:Infinity":20,"f:133:24:133:30":9,"s:133:30:133:Infinity":21,"f:134:30:134:31":10,"s:135:16:139:Infinity":22}}},"D:\\Code\\projet-blablabook\\frontend\\src\\routes\\routes.tsx":{"path":"D:\\Code\\projet-blablabook\\frontend\\src\\routes\\routes.tsx","statementMap":{"0":{"start":{"line":12,"column":6},"end":{"line":12,"column":null}},"1":{"start":{"line":12,"column":29},"end":{"line":12,"column":null}},"2":{"start":{"line":13,"column":6},"end":{"line":15,"column":null}},"3":{"start":{"line":14,"column":8},"end":{"line":14,"column":null}},"4":{"start":{"line":16,"column":6},"end":{"line":16,"column":null}},"5":{"start":{"line":16,"column":28},"end":{"line":16,"column":null}},"6":{"start":{"line":17,"column":6},"end":{"line":17,"column":null}},"7":{"start":{"line":17,"column":28},"end":{"line":17,"column":null}},"8":{"start":{"line":18,"column":6},"end":{"line":18,"column":null}},"9":{"start":{"line":18,"column":31},"end":{"line":18,"column":null}},"10":{"start":{"line":19,"column":6},"end":{"line":19,"column":null}},"11":{"start":{"line":19,"column":32},"end":{"line":19,"column":null}},"12":{"start":{"line":20,"column":6},"end":{"line":20,"column":null}},"13":{"start":{"line":20,"column":31},"end":{"line":20,"column":null}},"14":{"start":{"line":21,"column":6},"end":{"line":21,"column":null}},"15":{"start":{"line":21,"column":30},"end":{"line":21,"column":null}},"16":{"start":{"line":22,"column":6},"end":{"line":22,"column":null}},"17":{"start":{"line":22,"column":31},"end":{"line":22,"column":null}},"18":{"start":{"line":23,"column":6},"end":{"line":23,"column":null}},"19":{"start":{"line":23,"column":27},"end":{"line":23,"column":null}},"20":{"start":{"line":24,"column":6},"end":{"line":24,"column":null}},"21":{"start":{"line":24,"column":35},"end":{"line":24,"column":null}},"22":{"start":{"line":26,"column":6},"end":{"line":29,"column":null}},"23":{"start":{"line":27,"column":19},"end":{"line":27,"column":null}},"24":{"start":{"line":28,"column":27},"end":{"line":28,"column":null}},"25":{"start":{"line":32,"column":6},"end":{"line":41,"column":null}},"26":{"start":{"line":33,"column":24},"end":{"line":33,"column":null}},"27":{"start":{"line":36,"column":32},"end":{"line":36,"column":null}},"28":{"start":{"line":37,"column":4},"end":{"line":39,"column":null}},"29":{"start":{"line":38,"column":6},"end":{"line":38,"column":null}},"30":{"start":{"line":43,"column":6},"end":{"line":47,"column":null}},"31":{"start":{"line":44,"column":24},"end":{"line":44,"column":null}},"32":{"start":{"line":46,"column":19},"end":{"line":46,"column":null}},"33":{"start":{"line":49,"column":13},"end":{"line":53,"column":null}},"34":{"start":{"line":50,"column":24},"end":{"line":50,"column":null}},"35":{"start":{"line":52,"column":19},"end":{"line":52,"column":null}},"36":{"start":{"line":55,"column":6},"end":{"line":59,"column":null}},"37":{"start":{"line":56,"column":24},"end":{"line":56,"column":null}},"38":{"start":{"line":58,"column":19},"end":{"line":58,"column":null}},"39":{"start":{"line":61,"column":6},"end":{"line":65,"column":null}},"40":{"start":{"line":62,"column":24},"end":{"line":62,"column":null}},"41":{"start":{"line":64,"column":19},"end":{"line":64,"column":null}},"42":{"start":{"line":68,"column":6},"end":{"line":72,"column":null}},"43":{"start":{"line":69,"column":24},"end":{"line":69,"column":null}},"44":{"start":{"line":71,"column":19},"end":{"line":71,"column":null}},"45":{"start":{"line":75,"column":6},"end":{"line":79,"column":null}},"46":{"start":{"line":76,"column":24},"end":{"line":76,"column":null}},"47":{"start":{"line":82,"column":13},"end":{"line":86,"column":null}},"48":{"start":{"line":83,"column":24},"end":{"line":83,"column":null}},"49":{"start":{"line":85,"column":19},"end":{"line":85,"column":null}},"50":{"start":{"line":88,"column":6},"end":{"line":92,"column":null}},"51":{"start":{"line":89,"column":24},"end":{"line":89,"column":null}},"52":{"start":{"line":91,"column":19},"end":{"line":91,"column":null}},"53":{"start":{"line":94,"column":6},"end":{"line":98,"column":null}},"54":{"start":{"line":95,"column":24},"end":{"line":95,"column":null}},"55":{"start":{"line":97,"column":19},"end":{"line":97,"column":null}},"56":{"start":{"line":100,"column":6},"end":{"line":104,"column":null}},"57":{"start":{"line":101,"column":24},"end":{"line":101,"column":null}},"58":{"start":{"line":103,"column":19},"end":{"line":103,"column":null}},"59":{"start":{"line":106,"column":18},"end":{"line":116,"column":null}},"60":{"start":{"line":119,"column":13},"end":{"line":123,"column":null}}},"fnMap":{"0":{"name":"(anonymous_0)","decl":{"start":{"line":12,"column":23},"end":{"line":12,"column":29}},"loc":{"start":{"line":12,"column":29},"end":{"line":12,"column":null}},"line":12},"1":{"name":"(anonymous_1)","decl":{"start":{"line":14,"column":2},"end":{"line":14,"column":8}},"loc":{"start":{"line":14,"column":8},"end":{"line":14,"column":null}},"line":14},"2":{"name":"(anonymous_2)","decl":{"start":{"line":16,"column":22},"end":{"line":16,"column":28}},"loc":{"start":{"line":16,"column":28},"end":{"line":16,"column":null}},"line":16},"3":{"name":"(anonymous_3)","decl":{"start":{"line":17,"column":22},"end":{"line":17,"column":28}},"loc":{"start":{"line":17,"column":28},"end":{"line":17,"column":null}},"line":17},"4":{"name":"(anonymous_4)","decl":{"start":{"line":18,"column":25},"end":{"line":18,"column":31}},"loc":{"start":{"line":18,"column":31},"end":{"line":18,"column":null}},"line":18},"5":{"name":"(anonymous_5)","decl":{"start":{"line":19,"column":26},"end":{"line":19,"column":32}},"loc":{"start":{"line":19,"column":32},"end":{"line":19,"column":null}},"line":19},"6":{"name":"(anonymous_6)","decl":{"start":{"line":20,"column":25},"end":{"line":20,"column":31}},"loc":{"start":{"line":20,"column":31},"end":{"line":20,"column":null}},"line":20},"7":{"name":"(anonymous_7)","decl":{"start":{"line":21,"column":24},"end":{"line":21,"column":30}},"loc":{"start":{"line":21,"column":30},"end":{"line":21,"column":null}},"line":21},"8":{"name":"(anonymous_8)","decl":{"start":{"line":22,"column":25},"end":{"line":22,"column":31}},"loc":{"start":{"line":22,"column":31},"end":{"line":22,"column":null}},"line":22},"9":{"name":"(anonymous_9)","decl":{"start":{"line":23,"column":21},"end":{"line":23,"column":27}},"loc":{"start":{"line":23,"column":27},"end":{"line":23,"column":null}},"line":23},"10":{"name":"(anonymous_10)","decl":{"start":{"line":24,"column":29},"end":{"line":24,"column":35}},"loc":{"start":{"line":24,"column":35},"end":{"line":24,"column":null}},"line":24},"11":{"name":"(anonymous_11)","decl":{"start":{"line":27,"column":13},"end":{"line":27,"column":19}},"loc":{"start":{"line":27,"column":19},"end":{"line":27,"column":null}},"line":27},"12":{"name":"(anonymous_12)","decl":{"start":{"line":28,"column":21},"end":{"line":28,"column":27}},"loc":{"start":{"line":28,"column":27},"end":{"line":28,"column":null}},"line":28},"13":{"name":"(anonymous_13)","decl":{"start":{"line":33,"column":18},"end":{"line":33,"column":24}},"loc":{"start":{"line":33,"column":24},"end":{"line":33,"column":null}},"line":33},"14":{"name":"(anonymous_14)","decl":{"start":{"line":35,"column":14},"end":{"line":35,"column":20}},"loc":{"start":{"line":35,"column":20},"end":{"line":40,"column":null}},"line":35},"15":{"name":"(anonymous_15)","decl":{"start":{"line":44,"column":18},"end":{"line":44,"column":24}},"loc":{"start":{"line":44,"column":24},"end":{"line":44,"column":null}},"line":44},"16":{"name":"(anonymous_16)","decl":{"start":{"line":46,"column":13},"end":{"line":46,"column":19}},"loc":{"start":{"line":46,"column":19},"end":{"line":46,"column":null}},"line":46},"17":{"name":"(anonymous_17)","decl":{"start":{"line":50,"column":18},"end":{"line":50,"column":24}},"loc":{"start":{"line":50,"column":24},"end":{"line":50,"column":null}},"line":50},"18":{"name":"(anonymous_18)","decl":{"start":{"line":52,"column":13},"end":{"line":52,"column":19}},"loc":{"start":{"line":52,"column":19},"end":{"line":52,"column":null}},"line":52},"19":{"name":"(anonymous_19)","decl":{"start":{"line":56,"column":18},"end":{"line":56,"column":24}},"loc":{"start":{"line":56,"column":24},"end":{"line":56,"column":null}},"line":56},"20":{"name":"(anonymous_20)","decl":{"start":{"line":58,"column":13},"end":{"line":58,"column":19}},"loc":{"start":{"line":58,"column":19},"end":{"line":58,"column":null}},"line":58},"21":{"name":"(anonymous_21)","decl":{"start":{"line":62,"column":18},"end":{"line":62,"column":24}},"loc":{"start":{"line":62,"column":24},"end":{"line":62,"column":null}},"line":62},"22":{"name":"(anonymous_22)","decl":{"start":{"line":64,"column":13},"end":{"line":64,"column":19}},"loc":{"start":{"line":64,"column":19},"end":{"line":64,"column":null}},"line":64},"23":{"name":"(anonymous_23)","decl":{"start":{"line":69,"column":18},"end":{"line":69,"column":24}},"loc":{"start":{"line":69,"column":24},"end":{"line":69,"column":null}},"line":69},"24":{"name":"(anonymous_24)","decl":{"start":{"line":71,"column":13},"end":{"line":71,"column":19}},"loc":{"start":{"line":71,"column":19},"end":{"line":71,"column":null}},"line":71},"25":{"name":"(anonymous_25)","decl":{"start":{"line":76,"column":18},"end":{"line":76,"column":24}},"loc":{"start":{"line":76,"column":24},"end":{"line":76,"column":null}},"line":76},"26":{"name":"(anonymous_26)","decl":{"start":{"line":83,"column":18},"end":{"line":83,"column":24}},"loc":{"start":{"line":83,"column":24},"end":{"line":83,"column":null}},"line":83},"27":{"name":"(anonymous_27)","decl":{"start":{"line":85,"column":13},"end":{"line":85,"column":19}},"loc":{"start":{"line":85,"column":19},"end":{"line":85,"column":null}},"line":85},"28":{"name":"(anonymous_28)","decl":{"start":{"line":89,"column":18},"end":{"line":89,"column":24}},"loc":{"start":{"line":89,"column":24},"end":{"line":89,"column":null}},"line":89},"29":{"name":"(anonymous_29)","decl":{"start":{"line":91,"column":13},"end":{"line":91,"column":19}},"loc":{"start":{"line":91,"column":19},"end":{"line":91,"column":null}},"line":91},"30":{"name":"(anonymous_30)","decl":{"start":{"line":95,"column":18},"end":{"line":95,"column":24}},"loc":{"start":{"line":95,"column":24},"end":{"line":95,"column":null}},"line":95},"31":{"name":"(anonymous_31)","decl":{"start":{"line":97,"column":13},"end":{"line":97,"column":19}},"loc":{"start":{"line":97,"column":19},"end":{"line":97,"column":null}},"line":97},"32":{"name":"(anonymous_32)","decl":{"start":{"line":101,"column":18},"end":{"line":101,"column":24}},"loc":{"start":{"line":101,"column":24},"end":{"line":101,"column":null}},"line":101},"33":{"name":"(anonymous_33)","decl":{"start":{"line":103,"column":13},"end":{"line":103,"column":19}},"loc":{"start":{"line":103,"column":19},"end":{"line":103,"column":null}},"line":103}},"branchMap":{"0":{"loc":{"start":{"line":37,"column":4},"end":{"line":39,"column":null}},"type":"if","locations":[{"start":{"line":37,"column":4},"end":{"line":39,"column":null}},{"start":{},"end":{}}],"line":37}},"s":{"0":2,"1":2,"2":2,"3":1,"4":2,"5":0,"6":2,"7":0,"8":2,"9":0,"10":2,"11":0,"12":2,"13":0,"14":2,"15":0,"16":2,"17":0,"18":2,"19":0,"20":2,"21":0,"22":2,"23":19,"24":0,"25":2,"26":2,"27":0,"28":0,"29":0,"30":2,"31":2,"32":0,"33":2,"34":2,"35":0,"36":2,"37":2,"38":11,"39":2,"40":2,"41":17,"42":2,"43":2,"44":0,"45":2,"46":2,"47":2,"48":2,"49":0,"50":2,"51":2,"52":0,"53":2,"54":2,"55":0,"56":2,"57":2,"58":0,"59":2,"60":2},"f":{"0":2,"1":1,"2":0,"3":0,"4":0,"5":0,"6":0,"7":0,"8":0,"9":0,"10":0,"11":19,"12":0,"13":2,"14":0,"15":2,"16":0,"17":2,"18":0,"19":2,"20":11,"21":2,"22":17,"23":2,"24":0,"25":2,"26":2,"27":0,"28":2,"29":0,"30":2,"31":0,"32":2,"33":0},"b":{"0":[0,0]},"meta":{"lastBranch":1,"lastFunction":34,"lastStatement":61,"seen":{"s:12:6:12:Infinity":0,"f:12:23:12:29":0,"s:12:29:12:Infinity":1,"s:13:6:15:Infinity":2,"f:14:2:14:8":1,"s:14:8:14:Infinity":3,"s:16:6:16:Infinity":4,"f:16:22:16:28":2,"s:16:28:16:Infinity":5,"s:17:6:17:Infinity":6,"f:17:22:17:28":3,"s:17:28:17:Infinity":7,"s:18:6:18:Infinity":8,"f:18:25:18:31":4,"s:18:31:18:Infinity":9,"s:19:6:19:Infinity":10,"f:19:26:19:32":5,"s:19:32:19:Infinity":11,"s:20:6:20:Infinity":12,"f:20:25:20:31":6,"s:20:31:20:Infinity":13,"s:21:6:21:Infinity":14,"f:21:24:21:30":7,"s:21:30:21:Infinity":15,"s:22:6:22:Infinity":16,"f:22:25:22:31":8,"s:22:31:22:Infinity":17,"s:23:6:23:Infinity":18,"f:23:21:23:27":9,"s:23:27:23:Infinity":19,"s:24:6:24:Infinity":20,"f:24:29:24:35":10,"s:24:35:24:Infinity":21,"s:26:6:29:Infinity":22,"f:27:13:27:19":11,"s:27:19:27:Infinity":23,"f:28:21:28:27":12,"s:28:27:28:Infinity":24,"s:32:6:41:Infinity":25,"f:33:18:33:24":13,"s:33:24:33:Infinity":26,"f:35:14:35:20":14,"s:36:32:36:Infinity":27,"b:37:4:39:Infinity:undefined:undefined:undefined:undefined":0,"s:37:4:39:Infinity":28,"s:38:6:38:Infinity":29,"s:43:6:47:Infinity":30,"f:44:18:44:24":15,"s:44:24:44:Infinity":31,"f:46:13:46:19":16,"s:46:19:46:Infinity":32,"s:49:13:53:Infinity":33,"f:50:18:50:24":17,"s:50:24:50:Infinity":34,"f:52:13:52:19":18,"s:52:19:52:Infinity":35,"s:55:6:59:Infinity":36,"f:56:18:56:24":19,"s:56:24:56:Infinity":37,"f:58:13:58:19":20,"s:58:19:58:Infinity":38,"s:61:6:65:Infinity":39,"f:62:18:62:24":21,"s:62:24:62:Infinity":40,"f:64:13:64:19":22,"s:64:19:64:Infinity":41,"s:68:6:72:Infinity":42,"f:69:18:69:24":23,"s:69:24:69:Infinity":43,"f:71:13:71:19":24,"s:71:19:71:Infinity":44,"s:75:6:79:Infinity":45,"f:76:18:76:24":25,"s:76:24:76:Infinity":46,"s:82:13:86:Infinity":47,"f:83:18:83:24":26,"s:83:24:83:Infinity":48,"f:85:13:85:19":27,"s:85:19:85:Infinity":49,"s:88:6:92:Infinity":50,"f:89:18:89:24":28,"s:89:24:89:Infinity":51,"f:91:13:91:19":29,"s:91:19:91:Infinity":52,"s:94:6:98:Infinity":53,"f:95:18:95:24":30,"s:95:24:95:Infinity":54,"f:97:13:97:19":31,"s:97:19:97:Infinity":55,"s:100:6:104:Infinity":56,"f:101:18:101:24":32,"s:101:24:101:Infinity":57,"f:103:13:103:19":33,"s:103:19:103:Infinity":58,"s:106:18:116:Infinity":59,"s:119:13:123:Infinity":60}}}}}